[08/12/2016 04:54:02] /up
[08/12/2016 04:54:17] /goto 300 300
[08/12/2016 04:54:29] /down
[20/01/2017 23:43:58] /a 50
[20/01/2017 23:44:07] /a 20
[20/01/2017 23:44:11] /a 20
[20/01/2017 23:44:47] /a 50
[20/01/2017 23:44:49] /a 50
[20/01/2017 23:44:52] /a 50
[20/01/2017 23:44:53] /a 50
[20/01/2017 23:44:57] /a 50
[20/01/2017 23:44:59] /a 50
[20/01/2017 23:45:00] /a 50
[20/01/2017 23:45:05] /a 50
[20/01/2017 23:45:07] /a 50
[20/01/2017 23:45:16] /a 50
[20/01/2017 23:45:18] /a 50
[20/01/2017 23:45:28] /a 50
[20/01/2017 23:45:30] /a 50
[20/01/2017 23:45:31] /a 50
[20/01/2017 23:45:33] /a 50
[20/01/2017 23:45:34] /a 50
[20/01/2017 23:45:37] /a 50
[20/01/2017 23:45:40] /a 50
[20/01/2017 23:45:47] /a 50
[20/01/2017 23:45:49] /a 50
[20/01/2017 23:45:52] /a 50
[20/01/2017 23:47:51] /i 9817
[22/01/2017 12:04:55] /a 100
[22/01/2017 12:04:58] /a 80
[22/01/2017 12:05:00] /a 50
[22/01/2017 12:05:02] /a 60
[22/01/2017 12:05:05] /a 30
[22/01/2017 12:05:09] /a 10
[22/01/2017 12:05:11] /a 10
[22/01/2017 12:05:34] /a 50
[22/01/2017 12:05:36] /a 50
[22/01/2017 12:05:40] /a 50
[22/01/2017 12:05:42] /a 50
[22/01/2017 12:05:44] /a 70
[22/01/2017 12:05:47] /a 20
[22/01/2017 12:05:54] /a 30
[22/01/2017 12:05:59] /a 2
[22/01/2017 12:06:14] /i 5878 30
[22/01/2017 12:06:21] /i 5878 30
[22/01/2017 12:06:38] /i 5896 1
[22/01/2017 12:07:41] /a 0
[22/01/2017 12:07:43] /a 60
[22/01/2017 12:07:46] /a 20
[22/01/2017 12:07:48] /a 5
[22/01/2017 12:07:49] /a 5
[22/01/2017 12:07:52] /a 40
[22/01/2017 12:08:13] /i leather 30
[22/01/2017 12:08:36] /i 5878, 30
[22/01/2017 12:08:50] /i 5896, 1
[22/01/2017 12:09:06] /i 5890, 20
[22/01/2017 12:09:19] /i 5878, 20
[22/01/2017 12:15:19] /i 5878, 50
[22/01/2017 12:15:37] /i 5896, 2
[22/01/2017 12:15:49] /i 5897, 2
[22/01/2017 12:16:11] /i 5890, 20
[23/01/2017 09:03:25] /a 60
[23/01/2017 09:03:29] /a 60
[23/01/2017 09:03:32] /a 50
[23/01/2017 09:03:34] /a 40
[23/01/2017 09:11:18] /a 40
[23/01/2017 09:11:20] /a 20
[23/01/2017 09:11:21] /a 20
[23/01/2017 09:11:27] /a 30
[23/01/2017 09:15:40] /a 40
[23/01/2017 09:15:42] /a 20
[23/01/2017 09:15:44] /a 20
[23/01/2017 09:15:46] /a 20
[23/01/2017 09:15:48] /a 20
[08/02/2017 23:20:51] /a 10
[08/02/2017 23:20:57] /a 10
[08/02/2017 23:21:50] /a 20
[08/02/2017 23:21:54] /a 20
