[04/11/2014 01:14:18] /i demon armor
[04/11/2014 01:14:40] /m orc
[04/11/2014 01:14:55] /m orc warrior
[04/11/2014 01:14:55] /m orc warrior
[04/11/2014 01:14:56] /m orc warrior
[04/11/2014 01:14:57] /m orc warrior
[04/11/2014 01:14:57] /m orc warrior
[04/11/2014 01:14:58] /m orc warrior
[04/11/2014 01:14:59] /m orc warrior
[04/11/2014 01:14:59] /m orc warrior
[04/11/2014 01:15:00] /m orc warrior
[04/11/2014 01:24:09] /a 10
[04/11/2014 01:24:43] /a 20
[04/11/2014 01:25:30] /a 3
[04/11/2014 01:26:39] /i spell book
[04/11/2014 01:26:49] /i spellbook
[04/11/2014 01:27:54] /s demon
[04/11/2014 01:28:33] /m demon
[23/02/2015 17:56:07] /t bree
[23/02/2015 17:56:42] /a 5
[23/02/2015 17:56:49] /a 50
[23/02/2015 17:57:14] /a 300
[23/02/2015 17:57:21] /a 400
[24/02/2015 10:38:47] /i plate armor
[24/02/2015 10:39:01] /i crown legs
[24/02/2015 10:39:10] /i demon helmet
[24/02/2015 10:39:16] /i demon shield
[24/02/2015 10:39:24] /i magic sword
[24/02/2015 10:39:32] /i meat
[25/02/2015 14:00:16] /m demon
[25/02/2015 16:43:49] /a 20
[25/02/2015 16:44:33] /i boots of haste
[25/02/2015 16:44:56] /t bree
[25/02/2015 16:45:14] /a 40
[25/02/2015 16:45:21] /a 40
[25/02/2015 16:45:28] /a 30
[25/02/2015 16:56:59] /m medusa
[25/02/2015 16:57:06] /s demon
[25/02/2015 16:59:24] /m hydra
[25/02/2015 17:02:56] /i suddendeath rune
[26/02/2015 15:10:48] /s orc warrior
[26/02/2015 15:11:05] /s orc warrior
[26/02/2015 15:11:05] /s orc warrior
[26/02/2015 15:11:06] /s orc warrior
[26/02/2015 15:11:06] /s orc warrior
[26/02/2015 15:11:07] /s orc warrior
[26/02/2015 15:11:07] /s orc warrior
[26/02/2015 15:11:07] /s orc warrior
[26/02/2015 15:11:08] /s orc warrior
[26/02/2015 15:11:08] /s orc warrior
[26/02/2015 15:11:09] /s orc warrior
[26/02/2015 15:11:09] /s orc warrior
[26/02/2015 15:11:09] /s orc warrior
[26/02/2015 15:12:06] /s orc warrior
[26/02/2015 15:12:07] /s orc warrior
[26/02/2015 15:12:07] /s orc warrior
[26/02/2015 15:12:08] /s orc warrior
[26/02/2015 15:12:17] /s orc berserker
[26/02/2015 15:12:26] /s orc leader
[26/02/2015 15:12:48] /s orc berserker
[26/02/2015 15:12:54] /s orc spearman
[26/02/2015 15:13:00] /s orc spearman
[26/02/2015 15:17:54] /m orc warrior
[27/02/2015 19:16:16] /m orc warrior
[02/03/2015 18:41:01] /s orc warrior
[02/03/2015 18:41:02] /s orc warrior
[02/03/2015 18:41:02] /s orc warrior
[02/03/2015 18:41:03] /s orc warrior
[02/03/2015 18:41:03] /s orc warrior
[02/03/2015 18:41:04] /s orc warrior
[02/03/2015 18:41:04] /s orc warrior
[02/03/2015 18:41:04] /s orc warrior
[02/03/2015 18:41:05] /s orc warrior
[02/03/2015 18:41:05] /s orc warrior
[02/03/2015 18:41:06] /s orc warrior
[02/03/2015 18:41:06] /s orc warrior
[02/03/2015 18:41:06] /s orc warrior
[02/03/2015 18:41:07] /s orc warrior
[02/03/2015 18:41:07] /s orc warrior
[02/03/2015 18:41:08] /s orc warrior
[02/03/2015 18:41:08] /s orc warrior
[02/03/2015 18:41:08] /s orc warrior
[02/03/2015 18:41:09] /s orc warrior
[02/03/2015 18:41:09] /s orc warrior
[02/03/2015 18:41:10] /s orc warrior
[02/03/2015 18:43:40] /m orc warrior
[02/03/2015 18:44:12] /i ultimate healing rune
[02/03/2015 18:44:52] /i plate armor
[02/03/2015 18:45:14] /i spike sword
[02/03/2015 18:45:26] /i dragon shield
[02/03/2015 18:45:35] /i plate legs
[02/03/2015 18:45:42] /i scarf
[02/03/2015 18:46:08] /i steel helmet
[02/03/2015 18:46:28] /i life potion
[02/03/2015 18:46:36] /i mana potion
[02/03/2015 18:46:47] /i health potion
[02/03/2015 18:50:18] /ghost
[02/03/2015 18:50:35] /s demon
[02/03/2015 18:52:16] /s elf scout
[02/03/2015 18:52:22] /s elf scout
[02/03/2015 18:52:23] /s elf scout
[02/03/2015 18:52:23] /s elf scout
[02/03/2015 18:52:24] /s elf scout/s elf scout
[02/03/2015 18:52:25] /s elf scout
[02/03/2015 18:52:25] /s elf scout
[02/03/2015 18:52:26] /s elf scout
[02/03/2015 18:52:26] /s elf scout
[02/03/2015 18:52:26] /s elf scout
[02/03/2015 18:52:27] /s elf scout
[02/03/2015 18:52:27] /s elf scout
[02/03/2015 18:52:28] /s elf scout
[02/03/2015 18:52:28] /s elf scout
[02/03/2015 18:52:29] /s elf scout
[02/03/2015 18:52:30] /s elf scout/s elf scout
[02/03/2015 18:54:47] /s elf arcanist
[02/03/2015 18:54:53] /s elf arcanist
[02/03/2015 18:56:45] /t Ernesto
[02/03/2015 18:56:59] /a 507
[02/03/2015 18:57:05] /a 30
[02/03/2015 18:57:13] /a 40
[02/03/2015 18:57:57] /m dragon
[02/03/2015 18:58:18] /s hydra
[02/03/2015 18:59:13] /m undead dragon
[02/03/2015 19:00:18] /s behemont
[02/03/2015 19:00:29] /s dragon lord
[02/03/2015 19:00:53] /s frost dragon
[02/03/2015 19:01:32] /s demon
[02/03/2015 19:01:45] /m exp rat
[02/03/2015 19:01:56] /m exp rat
[02/03/2015 19:02:50] /m slime
[02/03/2015 19:03:53] /m morgaroth
[02/03/2015 19:04:20] /s ferumbras
[02/03/2015 19:06:00] /m snake
[02/03/2015 19:06:12] /m snake
[02/03/2015 19:06:13] /m snake
[02/03/2015 19:06:14] /m snake
[02/03/2015 19:06:15] /m snake
[02/03/2015 19:06:17] /m snake
[02/03/2015 19:06:18] /m snake
[02/03/2015 19:06:19] /m snake
[02/03/2015 19:06:20] /m snake
[02/03/2015 19:06:21] /m snake
[02/03/2015 19:06:22] /m snake
[02/03/2015 19:06:28] /m snake
[02/03/2015 19:06:32] /m snake
[02/03/2015 19:06:34] /m snake
[02/03/2015 19:06:36] /m snake
[02/03/2015 19:06:38] /m snake
[02/03/2015 19:06:43] /m snake
[02/03/2015 19:06:45] /m snake
[02/03/2015 19:06:47] /m snake
[02/03/2015 19:06:48] /m snake
[02/03/2015 19:06:50] /m snake
[02/03/2015 19:06:51] /m snake
[02/03/2015 19:06:52] /m snake
[02/03/2015 19:06:52] /m snake
[02/03/2015 19:06:53] /m snake
[02/03/2015 19:06:55] /m snake
[02/03/2015 19:06:56] /m snake
[02/03/2015 19:06:59] /m snake/m snake
[02/03/2015 19:07:00] /m snake
[02/03/2015 19:07:01] /m snake
[02/03/2015 19:07:01] /m snake
[02/03/2015 19:07:02] /m snake
[02/03/2015 19:07:02] /m snake
[02/03/2015 19:07:56] /i golden legs
[02/03/2015 19:08:15] /m snake
[02/03/2015 19:08:16] /m snake
[02/03/2015 19:08:16] /m snake
[02/03/2015 19:08:17] /m snake
[02/03/2015 19:08:17] /m snake
[02/03/2015 19:08:18] /m snake
[02/03/2015 19:08:18] /m snake
[02/03/2015 19:08:19] /m snake
[02/03/2015 19:08:19] /m snake
[02/03/2015 19:08:20] /m snake
[02/03/2015 19:08:20] /m snake
[02/03/2015 19:08:21] /m snake
[02/03/2015 19:08:21] /m snake
[02/03/2015 19:08:22] /m snake
[02/03/2015 19:08:22] /m snake
[02/03/2015 19:08:23] /m snake
[02/03/2015 19:08:23] /m snake
[02/03/2015 19:08:24] /m snake
[02/03/2015 19:08:53] /i crown legs
[02/03/2015 19:09:10] /i blue legs
[02/03/2015 19:09:47] /i demon shield
[02/03/2015 19:10:00] /i demon helmet
[02/03/2015 19:10:10] /i demon amror
[02/03/2015 19:10:22] /i magic plate armor
[02/03/2015 19:10:32] /i magic sword
[02/03/2015 19:10:44] /m snake
[02/03/2015 19:10:44] /m snake
[02/03/2015 19:10:45] /m snake
[02/03/2015 19:10:45] /m snake
[02/03/2015 19:10:46] /m snake
[02/03/2015 19:10:46] /m snake
[02/03/2015 19:10:47] /m snake
[02/03/2015 19:10:47] /m snake
[02/03/2015 19:10:48] /m snake
[02/03/2015 19:10:48] /m snake
[02/03/2015 19:10:48] /m snake
[02/03/2015 19:10:49] /m snake
[02/03/2015 19:10:49] /m snake
[02/03/2015 19:10:50] /m snake
[02/03/2015 19:10:50] /m snake
[02/03/2015 19:10:51] /m snake
[02/03/2015 19:10:51] /m snake
[02/03/2015 19:10:51] /m snake
[02/03/2015 19:10:52] /m snake
[02/03/2015 19:10:52] /m snake
[02/03/2015 19:10:53] /m snake
[02/03/2015 19:14:24] /addskill Ernesto, level, 30
[02/03/2015 19:14:44] /addskill Ernesto, level, 100
[02/03/2015 19:15:06] /addskill Ernesto, sword, 80
[02/03/2015 19:15:58] /s morgaroth
[02/03/2015 19:18:04] /i health potion
[02/03/2015 19:19:09] /m dragon
[02/03/2015 19:19:33] /i steel boots
[02/03/2015 19:19:52] /m giant spider
[02/03/2015 19:20:48] /addskill Ernesto, shielding, 30
[02/03/2015 19:20:50] /addskill Ernesto, shielding, 30
[02/03/2015 19:21:05] /addskill Ernesto, shielding, 30
[02/03/2015 19:21:05] /addskill Ernesto, shielding, 30
[02/03/2015 19:21:26] /m giant spider
[02/03/2015 19:21:41] /addskill Ernesto, shielding, 30
[02/03/2015 19:21:42] /addskill Ernesto, shielding, 30
[02/03/2015 19:21:42] /addskill Ernesto, shielding, 30
[02/03/2015 19:21:43] /addskill Ernesto, shielding, 30
[02/03/2015 19:21:43] /addskill Ernesto, shielding, 30
[02/03/2015 19:21:44] /addskill Ernesto, shielding, 30
[02/03/2015 19:21:44] /addskill Ernesto, shielding, 30
[02/03/2015 19:21:44] /addskill Ernesto, shielding, 30
[02/03/2015 19:21:45] /addskill Ernesto, shielding, 30
[02/03/2015 19:21:45] /addskill Ernesto, shielding, 30
[02/03/2015 19:21:46] /addskill Ernesto, shielding, 30
[02/03/2015 19:21:47] /addskill Ernesto, shielding, 30
[02/03/2015 19:21:48] /addskill Ernesto, shielding, 30
[02/03/2015 19:21:48] /addskill Ernesto, shielding, 30
[02/03/2015 19:21:49] /addskill Ernesto, shielding, 30
[02/03/2015 19:21:49] /addskill Ernesto, shielding, 30
[02/03/2015 19:21:49] /addskill Ernesto, shielding, 30
[02/03/2015 19:21:50] /addskill Ernesto, shielding, 30
[02/03/2015 19:21:50] /addskill Ernesto, shielding, 30
[02/03/2015 19:21:51] /addskill Ernesto, shielding, 30
[02/03/2015 19:21:51] /addskill Ernesto, shielding, 30
[02/03/2015 19:21:52] /addskill Ernesto, shielding, 30
[02/03/2015 19:21:52] /addskill Ernesto, shielding, 30
[02/03/2015 19:21:52] /addskill Ernesto, shielding, 30
[02/03/2015 19:21:53] /addskill Ernesto, shielding, 30
[02/03/2015 19:21:53] /addskill Ernesto, shielding, 30
[02/03/2015 19:21:54] /addskill Ernesto, shielding, 30
[02/03/2015 19:21:54] /addskill Ernesto, shielding, 30
[02/03/2015 19:21:54] /addskill Ernesto, shielding, 30
[02/03/2015 19:21:55] /addskill Ernesto, shielding, 30
[02/03/2015 19:21:55] /addskill Ernesto, shielding, 30
[02/03/2015 19:21:56] /addskill Ernesto, shielding, 30
[02/03/2015 19:22:00] /addskill Ernesto, shielding, 30
[02/03/2015 19:22:00] /addskill Ernesto, shielding, 30
[02/03/2015 19:22:00] /addskill Ernesto, shielding, 30
[02/03/2015 19:22:01] /addskill Ernesto, shielding, 30
[02/03/2015 19:22:01] /addskill Ernesto, shielding, 30
[02/03/2015 19:22:01] /addskill Ernesto, shielding, 30
[02/03/2015 19:22:02] /addskill Ernesto, shielding, 30
[02/03/2015 19:22:02] /addskill Ernesto, shielding, 30
[02/03/2015 19:22:03] /addskill Ernesto, shielding, 30/addskill Ernesto, shielding, 30
[02/03/2015 19:22:03] /addskill Ernesto, shielding, 30
[02/03/2015 19:22:17] /addskill Ernesto, magic level, 30
[02/03/2015 19:22:38] /i strong health potion
[02/03/2015 23:52:57] /m orc
[02/03/2015 23:53:02] /m orc
[02/03/2015 23:53:02] /m orc
[02/03/2015 23:53:03] /m orc
[02/03/2015 23:53:04] /m orc
[02/03/2015 23:53:04] /m orc
[02/03/2015 23:53:05] /m orc
[02/03/2015 23:53:05] /m orc
[03/03/2015 16:39:52] /m dragon
[03/03/2015 16:40:31] /i sudden death rune
[03/03/2015 16:40:41] /m dragon
[08/10/2015 00:10:34] /up
[08/10/2015 00:11:02] /i 1958
[08/10/2015 00:34:27] /i 1958
[09/10/2015 00:22:07] /a 50
[09/10/2015 00:22:14] /a 20
[11/10/2015 05:11:25] /s larry halfsnout
[11/10/2015 05:11:40] /m larry halfsnout
[11/10/2015 05:11:52] /m larry halfnose
[11/10/2015 05:11:57] /m demon
[11/10/2015 05:14:56] /a 30
[11/10/2015 05:15:02] /a 50
[11/10/2015 05:15:07] /a 20
[11/10/2015 05:15:12] /a 20
[11/10/2015 05:15:17] /a 20
[11/10/2015 20:55:45] /s orc
[11/10/2015 20:55:58] /s orc warrior
[11/10/2015 20:56:06] /s slime
[11/10/2015 20:56:16] /s cyclops
[11/10/2015 20:56:35] /s dragon
[11/10/2015 20:57:41] /m Larry Halfsnout
[11/10/2015 20:57:57] /s tarantula
[13/10/2015 14:39:45] /a 100
[13/10/2015 14:39:52] /a 120
[13/10/2015 14:40:54] /i iron ore
[13/10/2015 14:41:14] /i leather
[13/10/2015 14:48:55] /a 30
[13/10/2015 14:49:21] /a 60
[13/10/2015 14:51:51] /m assasin
[13/10/2015 14:52:01] /m assasins
[13/10/2015 14:52:21] /m Larry Halfsnout
[13/10/2015 15:58:56] /m bear
[13/10/2015 16:03:25] /m assassin
[13/10/2015 16:15:25] /i platinium coin
[13/10/2015 16:15:38] /i gold coin
[13/10/2015 16:17:32] /m assassin
[13/10/2015 16:23:33] /i pick
[13/10/2015 16:24:48] /m larry halfsnout
[14/10/2015 00:16:45] /i treasure map
[14/10/2015 00:18:08] /i wood plank
[14/10/2015 00:36:32] /i spike sword
[14/10/2015 00:36:44] /i simitar
[14/10/2015 00:36:51] /i barbarian axe
[14/10/2015 00:36:57] /i morning star
[14/10/2015 00:37:10] /i battle hammer
[14/10/2015 00:37:18] /i symitar
[14/10/2015 00:37:27] /i simitar
[14/10/2015 00:37:36] /i steel axe
[14/10/2015 00:38:26] /i scimitar
[14/10/2015 00:38:38] /i scimitar
[14/10/2015 00:40:35] /i red backpack
[14/10/2015 00:41:21] /a 100
[14/10/2015 00:41:26] /a 100
[14/10/2015 00:41:30] /a 80
[14/10/2015 00:42:21] /s orc leader
[14/10/2015 00:43:10] /i great fireball rune
[14/10/2015 00:43:40] /s cyclops
[14/10/2015 00:44:29] /a 230
[14/10/2015 00:54:57] /i training monk
[14/10/2015 00:55:08] /m training monk
[14/10/2015 02:32:44] /m orc warrior
[14/10/2015 02:32:46] /m orc warrior
[14/10/2015 02:32:47] /m orc warrior
[14/10/2015 02:32:49] /m orc warrior
[14/10/2015 02:32:52] /m orc warrior
[14/10/2015 02:32:54] /m orc warrior
[14/10/2015 02:32:56] /m orc warrior
[14/10/2015 02:32:57] /m orc warrior
[14/10/2015 02:32:58] /m orc warrior
[14/10/2015 02:33:00] /m orc warrior
[14/10/2015 02:33:01] /m orc warrior
[14/10/2015 02:33:02] /m orc warrior
[14/10/2015 02:33:05] /m orc warrior
[14/10/2015 02:33:08] /m orc warrior
[14/10/2015 02:33:10] /m orc warrior
[14/10/2015 02:33:12] /m orc warrior
[14/10/2015 02:33:23] /m orc leader
[14/10/2015 02:33:37] /m orc spearman
[14/10/2015 02:33:43] /m orc warrior
[14/10/2015 02:34:01] /m orc spearman
[14/10/2015 02:34:03] /m orc spearman
[14/10/2015 02:34:07] /m orc spearman
[14/10/2015 02:34:08] /m orc spearman
[14/10/2015 02:34:09] /m orc spearman
[14/10/2015 02:34:11] /m orc spearman
[14/10/2015 02:34:12] /m orc spearman
[14/10/2015 02:34:13] /m orc spearman
[14/10/2015 02:34:14] /m orc spearman
[14/10/2015 02:34:15] /m orc spearman
[14/10/2015 02:34:40] /s dwarf soldier
[14/10/2015 02:34:59] /s dwarf soldier
[14/10/2015 02:34:59] /s dwarf soldier
[14/10/2015 02:35:00] /s dwarf soldier
[14/10/2015 02:35:01] /s dwarf soldier
[14/10/2015 02:35:01] /s dwarf soldier
[14/10/2015 02:35:02] /s dwarf soldier
[14/10/2015 02:35:02] /s dwarf soldier
[14/10/2015 02:35:03] /s dwarf soldier
[14/10/2015 02:35:03] /s dwarf soldier
[14/10/2015 02:35:04] /s dwarf soldier
[14/10/2015 02:35:05] /s dwarf soldier
[14/10/2015 02:35:05] /s dwarf soldier
[14/10/2015 02:35:06] /s dwarf soldier
[14/10/2015 02:35:06] /s dwarf soldier
[14/10/2015 02:35:07] /s dwarf soldier
[14/10/2015 02:35:08] /s dwarf soldier
[14/10/2015 02:35:08] /s dwarf soldier
[14/10/2015 02:35:09] /s dwarf soldier
[14/10/2015 02:35:17] /a 5
[14/10/2015 02:36:17] /s dwarf soldier
[14/10/2015 02:36:17] /s dwarf soldier
[14/10/2015 02:36:18] /s dwarf soldier
[14/10/2015 02:36:18] /s dwarf soldier
[14/10/2015 02:36:19] /s dwarf soldier
[14/10/2015 02:36:19] /s dwarf soldier
[14/10/2015 02:36:20] /s dwarf soldier
[14/10/2015 02:36:20] /s dwarf soldier
[14/10/2015 02:36:21] /s dwarf soldier
[14/10/2015 02:36:22] /s dwarf soldier
[14/10/2015 02:36:22] /s dwarf soldier
[14/10/2015 02:36:23] /s dwarf soldier
[14/10/2015 02:36:23] /s dwarf soldier
[14/10/2015 02:36:24] /s dwarf soldier
[14/10/2015 02:36:24] /s dwarf soldier
[14/10/2015 02:36:25] /s dwarf soldier
[14/10/2015 02:36:25] /s dwarf soldier
[14/10/2015 02:38:45] /s dwarf soldier
[14/10/2015 02:38:45] /s dwarf soldier
[14/10/2015 02:38:46] /s dwarf soldier
[14/10/2015 02:38:46] /s dwarf soldier
[14/10/2015 02:38:47] /s dwarf soldier
[14/10/2015 02:38:47] /s dwarf soldier
[14/10/2015 02:38:48] /s dwarf soldier
[14/10/2015 02:38:48] /s dwarf soldier
[14/10/2015 02:38:49] /s dwarf soldier
[14/10/2015 02:38:49] /s dwarf soldier
[14/10/2015 02:38:50] /s dwarf soldier
[14/10/2015 02:38:50] /s dwarf soldier
[14/10/2015 02:38:51] /s dwarf soldier
[14/10/2015 02:38:51] /s dwarf soldier
[14/10/2015 02:38:52] /s dwarf soldier
[14/10/2015 02:38:52] /s dwarf soldier
[14/10/2015 02:38:53] /s dwarf soldier
[14/10/2015 02:38:53] /s dwarf soldier
[14/10/2015 02:38:54] /s dwarf soldier
[14/10/2015 02:38:54] /s dwarf soldier
[14/10/2015 02:38:55] /s dwarf soldier
[14/10/2015 02:38:55] /s dwarf soldier
[14/10/2015 02:38:56] /s dwarf soldier
[14/10/2015 02:38:56] /s dwarf soldier
[14/10/2015 02:38:57] /s dwarf soldier
[14/10/2015 02:38:57] /s dwarf soldier
[14/10/2015 02:38:58] /s dwarf soldier
[14/10/2015 02:38:59] /s dwarf soldier/s dwarf soldier
[14/10/2015 02:38:59] /s dwarf soldier
[14/10/2015 02:39:00] /s dwarf soldier
[14/10/2015 02:39:08] /m dragon
[14/10/2015 02:39:16] /a 5
[14/10/2015 02:39:23] /m dragon
[14/10/2015 02:39:46] /m dragon lord
[14/10/2015 02:40:38] /m dragon lord
[14/10/2015 02:40:56] /s hydra
[14/10/2015 02:43:29] /i firebomb rune
[14/10/2015 02:44:40] /up
[14/10/2015 02:45:26] /down
[19/10/2015 13:07:18] /a 3
[21/10/2015 13:21:16] /a 200
[21/10/2015 13:22:33] /s orc
[06/11/2015 22:13:32] /a 50
[06/11/2015 22:13:39] /a 50
[06/11/2015 22:15:06] /up
[06/11/2015 22:15:10] /a 100
[06/11/2015 22:15:21] /a 100
[06/11/2015 22:15:56] /i shovel
[06/11/2015 22:16:02] /i rope
[07/11/2015 01:04:43] /a 80
[07/11/2015 01:04:56] /a 8
[07/11/2015 01:42:44] /a 5
[07/11/2015 01:44:10] /s cyclops
[07/11/2015 02:01:48] /s dragon
[07/11/2015 02:03:00] /m demon
[07/11/2015 02:03:26] /a 300
[07/11/2015 02:03:32] /a 200
[07/11/2015 02:03:41] /a 100
[07/11/2015 02:05:44] /m demon
[07/11/2015 02:05:54] /s hellhound
[07/11/2015 02:07:39] /m dark torturer
[07/11/2015 02:08:35] /m lost soul
[07/11/2015 02:08:50] /s hell hound
[07/11/2015 02:08:58] /s hellhound
[07/11/2015 02:09:50] /m juggernaut
[07/11/2015 02:10:17] /s orc
[07/11/2015 02:10:30] /s undead dragon
[07/11/2015 02:10:58] /s behemont
[07/11/2015 02:11:06] /s behemond
[07/11/2015 02:11:27] /m demodras
[07/11/2015 02:13:07] /m banshee
[07/11/2015 02:13:15] /s vampire
[07/11/2015 02:14:04] /m orc leader
[07/11/2015 02:14:21] /m orc warrior
[07/11/2015 02:14:28] /m orc
[07/11/2015 02:14:45] /m orc berserker
[07/11/2015 02:15:08] /m orc warlord
[07/11/2015 02:15:29] /m orc rider
[07/11/2015 02:15:43] /m war wolf
[07/11/2015 02:15:49] /m wolf
[07/11/2015 02:16:01] /m orc maradurer
[07/11/2015 02:16:09] /m orc spearman
[07/11/2015 02:16:47] /m orc warrior
[07/11/2015 02:16:48] /m orc warrior
[07/11/2015 02:16:50] /m orc warrior
[07/11/2015 02:16:51] /m orc warrior
[07/11/2015 02:16:52] /m orc warrior
[07/11/2015 02:16:54] /m orc warrior
[07/11/2015 02:16:56] /m orc warrior
[07/11/2015 02:16:57] /m orc warrior
[07/11/2015 02:16:59] /m orc warrior
[07/11/2015 02:17:00] /m orc warrior
[07/11/2015 02:17:01] /m orc warrior
[07/11/2015 02:17:02] /m orc warrior
[07/11/2015 02:17:21] /s elder beholder
[07/11/2015 02:17:38] /s demon
[07/11/2015 02:18:37] /m warlock
[07/11/2015 02:19:32] /s orc
[07/11/2015 02:22:39] /s diabolic imp
[07/11/2015 02:23:11] /s dragon
[07/11/2015 02:23:33] /s dragon lord
[07/11/2015 02:25:03] /m lost soul
[07/11/2015 02:25:42] /m nightmare
[07/11/2015 02:25:59] /s speactre
[07/11/2015 02:26:04] /s speactre
[07/11/2015 02:26:10] /s spectre
[09/11/2015 02:09:16] /m skeleton
[09/11/2015 02:13:19] /m ghoul
[09/11/2015 02:21:04] /m skeleton warrior
[09/11/2015 14:17:32] /a 40
[09/11/2015 14:17:37] /a 20
[09/11/2015 14:17:42] /a 80
[09/11/2015 14:17:45] /up
[09/11/2015 14:17:55] /a 20
[09/11/2015 14:18:00] /a 30
[09/11/2015 14:18:03] /a 15
[09/11/2015 14:18:09] /i shovel
[09/11/2015 14:21:40] /s orc
[09/11/2015 14:21:51] /s bear
[09/11/2015 14:22:09] /s carrion worm
[09/11/2015 14:22:20] /s smuggler
[09/11/2015 14:22:33] /s larry halfsnout
[09/11/2015 14:22:57] /s ghost
[09/11/2015 14:25:03] /up
[09/11/2015 14:27:02] /s hydra
[09/11/2015 14:27:31] /m dragon
[10/11/2015 19:22:51] /a 80
[10/11/2015 19:23:57] /m orc fighter
[10/11/2015 19:24:08] /m orc fighter
[10/11/2015 19:24:09] /m orc fighter
[10/11/2015 19:24:09] /m orc fighter
[10/11/2015 19:24:09] /m orc fighter
[10/11/2015 19:24:10] /m orc fighter
[10/11/2015 19:24:10] /m orc fighter
[10/11/2015 19:24:11] /m orc fighter
[10/11/2015 19:24:11] /m orc fighter
[10/11/2015 19:24:20] /i elf
[10/11/2015 19:24:23] /s elf
[10/11/2015 19:24:37] /m orc warrior
[10/11/2015 19:25:12] /s elf scout
[10/11/2015 19:25:13] /s elf scout
[10/11/2015 19:25:13] /s elf scout
[10/11/2015 19:25:14] /s elf scout
[10/11/2015 19:25:14] /s elf scout
[10/11/2015 19:25:14] /s elf scout
[10/11/2015 19:25:15] /s elf scout
[10/11/2015 19:25:15] /s elf scout
[10/11/2015 19:25:16] /s elf scout
[10/11/2015 19:25:16] /s elf scout
[10/11/2015 19:25:16] /s elf scout
[10/11/2015 19:25:17] /s elf scout
[10/11/2015 19:25:17] /s elf scout
[10/11/2015 19:25:18] /s elf scout
[10/11/2015 19:25:18] /s elf scout
[10/11/2015 19:25:18] /s elf scout
[10/11/2015 19:25:19] /s elf scout
[10/11/2015 19:25:19] /s elf scout
[10/11/2015 19:25:19] /s elf scout
[10/11/2015 19:25:20] /s elf scout
[10/11/2015 19:25:20] /s elf scout
[10/11/2015 19:25:21] /s elf scout
[10/11/2015 19:27:04] /a 6
[10/11/2015 19:27:44] /m orc fighter
[10/11/2015 19:27:55] /s orc leader
[10/11/2015 19:28:52] /m orc fighter
[10/11/2015 19:35:16] /m orc fighter
[10/11/2015 19:35:27] /m orc fighter
[10/11/2015 19:35:27] /m orc fighter
[10/11/2015 19:35:28] /m orc fighter
[10/11/2015 19:35:28] /m orc fighter
[10/11/2015 19:35:29] /m orc fighter
[10/11/2015 19:35:29] /m orc fighter
[10/11/2015 19:35:29] /m orc fighter
[10/11/2015 19:35:30] /m orc fighter
[10/11/2015 19:35:30] /m orc fighter
[10/11/2015 19:35:30] /m orc fighter
[10/11/2015 19:35:31] /m orc fighter
[10/11/2015 19:35:31] /m orc fighter
[10/11/2015 19:35:39] /a 3
[10/11/2015 19:35:48] /s dragon
[10/11/2015 19:36:10] /s dragon lord
[10/11/2015 19:36:36] /s demon
[10/11/2015 19:39:24] /s orc fighter
[10/11/2015 19:39:25] /s orc fighter
[10/11/2015 19:39:25] /s orc fighter
[10/11/2015 19:39:26] /s orc fighter
[10/11/2015 19:39:26] /s orc fighter
[10/11/2015 19:39:27] /s orc fighter
[10/11/2015 19:39:27] /s orc fighter
[10/11/2015 19:39:27] /s orc fighter
[10/11/2015 19:39:28] /s orc fighter
[10/11/2015 19:39:28] /s orc fighter
[10/11/2015 19:39:29] /s orc fighter
[10/11/2015 19:39:29] /s orc fighter
[10/11/2015 19:39:29] /s orc fighter
[10/11/2015 19:39:30] /s orc fighter
[10/11/2015 19:39:30] /s orc fighter
[10/11/2015 19:39:31] /s orc fighter
[10/11/2015 19:39:31] /s orc fighter
[10/11/2015 19:39:31] /s orc fighter
[10/11/2015 19:39:32] /s orc fighter
[10/11/2015 19:39:32] /s orc fighter
[10/11/2015 19:39:33] /s orc fighter
[10/11/2015 19:39:33] /s orc fighter
[10/11/2015 19:39:33] /s orc fighter
[10/11/2015 19:39:34] /s orc fighter
[10/11/2015 19:39:34] /s orc fighter
[10/11/2015 19:39:39] /s orc fighter/a 9
[10/11/2015 19:39:44] /a 9
[10/11/2015 19:39:58] /m demon
[10/11/2015 19:43:10] /m frost dragon
[10/11/2015 19:43:24] /s orc fighter
[10/11/2015 19:43:45] /s undead dragon
[10/11/2015 19:44:24] /m dragon lord
[10/11/2015 19:45:06] /m dragon lord
[10/11/2015 19:45:07] /m dragon lord
[10/11/2015 19:45:07] /m dragon lord
[10/11/2015 19:45:07] /m dragon lord
[10/11/2015 19:45:08] /m dragon lord
[10/11/2015 19:45:08] /m dragon lord
[10/11/2015 19:45:09] /m dragon lord
[10/11/2015 19:45:09] /m dragon lord
[10/11/2015 19:45:09] /m dragon lord
[10/11/2015 19:45:10] /m dragon lord
[10/11/2015 19:45:10] /m dragon lord
[10/11/2015 19:45:10] /m dragon lord
[10/11/2015 19:47:31] /m dragon lord
[10/11/2015 19:48:25] /m demon
[10/11/2015 19:48:41] /m demon
[10/11/2015 19:49:13] /m warlock
[10/11/2015 19:50:40] /m vampire
[10/11/2015 19:50:41] /m vampire
[10/11/2015 19:50:41] /m vampire
[10/11/2015 19:50:41] /m vampire
[10/11/2015 19:50:42] /m vampire
[10/11/2015 19:50:42] /m vampire
[10/11/2015 19:50:43] /m vampire
[10/11/2015 19:50:43] /m vampire
[10/11/2015 19:50:43] /m vampire
[10/11/2015 19:50:44] /m vampire
[10/11/2015 19:50:47] /m vampire/a 2
[10/11/2015 19:50:50] /a 2
[10/11/2015 19:50:52] /m vampire
[10/11/2015 19:50:52] /m vampire
[10/11/2015 19:50:53] /m vampire
[10/11/2015 19:50:53] /m vampire
[10/11/2015 19:50:53] /m vampire
[10/11/2015 19:50:54] /m vampire
[10/11/2015 19:50:54] /m vampire
[10/11/2015 19:50:57] /m vampire
[10/11/2015 19:59:48] /m vermilion
[10/11/2015 20:00:00] /m ferumbras
[10/11/2015 20:00:11] /s hell hound
[10/11/2015 20:00:17] /s hellhound
[10/11/2015 20:03:04] /m demodras
[10/11/2015 20:03:17] /s froste dragon
[10/11/2015 20:03:23] /s frost dragon
[10/11/2015 20:03:53] /s udead dragon
[10/11/2015 20:04:07] /s undead dragon
[12/11/2015 18:57:41] /a 50
[12/11/2015 18:57:48] /a 40
[12/11/2015 18:58:03] /a 30
[12/11/2015 18:58:19] /down
[12/11/2015 18:59:19] /up
[12/11/2015 19:00:44] /a 6
[12/11/2015 19:01:01] /a 5
[12/11/2015 19:01:07] /a 3
[14/11/2015 14:59:49] /m demon
[14/11/2015 14:59:57] /s orc fighter
[14/11/2015 15:00:14] /s orc fighter
[14/11/2015 15:00:14] /s orc fighter
[14/11/2015 15:00:15] /s orc fighter
[14/11/2015 15:00:15] /s orc fighter
[14/11/2015 15:00:16] /s orc fighter
[14/11/2015 15:00:16] /s orc fighter
[14/11/2015 15:00:17] /s orc fighter
[14/11/2015 15:00:17] /s orc fighter
[14/11/2015 15:00:18] /s orc fighter
[14/11/2015 15:00:18] /s orc fighter
[14/11/2015 15:00:18] /s orc fighter
[14/11/2015 15:00:19] /s orc fighter
[14/11/2015 15:00:19] /s orc fighter
[14/11/2015 15:00:20] /s orc fighter
[14/11/2015 15:00:20] /s orc fighter
[14/11/2015 15:00:21] /s orc fighter
[14/11/2015 15:00:21] /s orc fighter
[14/11/2015 15:00:39] /s orc fighter
[14/11/2015 15:00:40] /s orc fighter
[14/11/2015 15:00:40] /s orc fighter
[14/11/2015 15:00:41] /s orc fighter
[14/11/2015 15:00:41] /s orc fighter
[14/11/2015 15:00:41] /s orc fighter
[14/11/2015 15:00:42] /s orc fighter
[14/11/2015 15:00:42] /s orc fighter
[14/11/2015 15:00:43] /s orc fighter
[14/11/2015 15:00:43] /s orc fighter
[14/11/2015 15:00:43] /s orc fighter
[14/11/2015 15:01:02] /s orc fighter
[14/11/2015 15:01:03] /s orc fighter
[14/11/2015 15:01:03] /s orc fighter
[14/11/2015 15:01:04] /s orc fighter
[14/11/2015 15:01:04] /s orc fighter
[14/11/2015 15:01:24] /s orc fighter/s orc fighter
[14/11/2015 15:01:25] /s orc fighter
[14/11/2015 15:01:25] /s orc fighter
[14/11/2015 15:01:25] /s orc fighter
[14/11/2015 15:01:26] /s orc fighter
[14/11/2015 15:01:26] /s orc fighter
[14/11/2015 15:01:27] /s orc fighter
[14/11/2015 15:01:27] /s orc fighter
[14/11/2015 15:01:27] /s orc fighter
[14/11/2015 15:01:28] /s orc fighter
[14/11/2015 15:01:28] /s orc fighter
[14/11/2015 15:01:29] /s orc fighter
[14/11/2015 15:01:29] /s orc fighter
[14/11/2015 15:01:29] /s orc fighter
[14/11/2015 15:01:30] /s orc fighter
[14/11/2015 15:01:31] /s orc fighter
[14/11/2015 15:01:31] /s orc fighter
[14/11/2015 15:01:31] /s orc fighter
[14/11/2015 15:01:32] /s orc fighter
[14/11/2015 15:01:32] /s orc fighter
[14/11/2015 15:01:33] /s orc fighter
[14/11/2015 15:01:33] /s orc fighter
[14/11/2015 15:02:02] /s orc fighter
[14/11/2015 15:02:03] /s orc fighter
[14/11/2015 15:02:03] /s orc fighter
[14/11/2015 15:02:03] /s orc fighter
[14/11/2015 15:02:04] /s orc fighter
[14/11/2015 15:02:04] /s orc fighter
[14/11/2015 15:02:05] /s orc fighter
[14/11/2015 15:02:05] /s orc fighter
[14/11/2015 15:02:05] /s orc fighter
[14/11/2015 15:02:06] /s orc fighter
[14/11/2015 15:02:06] /s orc fighter
[14/11/2015 15:02:07] /s orc fighter
[14/11/2015 15:02:07] /s orc fighter
[14/11/2015 15:02:08] /s orc fighter
[14/11/2015 15:02:08] /s orc fighter
[14/11/2015 15:02:08] /s orc fighter
[14/11/2015 15:02:09] /s orc fighter
[14/11/2015 15:02:10] /s orc fighter/s orc fighter
[14/11/2015 15:02:10] /s orc fighter
[14/11/2015 15:02:23] /s orc fighter/s orc fighter
[14/11/2015 15:02:24] /s orc fighter
[14/11/2015 15:02:24] /s orc fighter
[14/11/2015 15:02:25] /s orc fighter
[14/11/2015 15:02:25] /s orc fighter
[14/11/2015 15:02:25] /s orc fighter
[14/11/2015 15:02:26] /s orc fighter
[14/11/2015 15:02:26] /s orc fighter
[14/11/2015 15:02:27] /s orc fighter
[14/11/2015 15:02:28] /s orc fighter/s orc fighter
[14/11/2015 15:02:29] /s orc fighter
[14/11/2015 15:02:29] /s orc fighter
[14/11/2015 15:02:30] /s orc fighter
[14/11/2015 15:02:30] /s orc fighter
[14/11/2015 15:02:31] /s orc fighter
[14/11/2015 15:02:31] /s orc fighter
[14/11/2015 15:02:32] /s orc fighter
[14/11/2015 15:02:32] /s orc fighter
[14/11/2015 15:02:33] /s orc fighter
[14/11/2015 15:02:33] /s orc fighter
[14/11/2015 15:02:34] /s orc fighter
[14/11/2015 15:02:34] /s orc fighter
[14/11/2015 15:02:35] /s orc fighter
[14/11/2015 15:02:35] /s orc fighter
[14/11/2015 15:02:57] /m dragon lord
[21/11/2015 17:52:50] /a 50
[21/11/2015 17:53:06] /a 20
[21/11/2015 17:53:10] /up
[21/11/2015 17:53:39] /a 10
[21/11/2015 17:54:07] /down
[21/11/2015 17:54:11] /down
[21/11/2015 17:55:45] /i ankh
[21/11/2015 17:56:21] /up
[21/11/2015 17:56:28] /a 8
[21/11/2015 17:56:36] /a 80
[21/11/2015 17:56:41] /a 100
[21/11/2015 17:57:00] /a 60
[21/11/2015 17:57:07] /a 30
[21/11/2015 17:57:12] /a 10
[21/11/2015 17:57:22] /a 6
[21/11/2015 17:58:10] /i ankh
[21/11/2015 17:59:36] /i 2327
[21/11/2015 18:00:34] /i 2327
[24/11/2015 00:13:42] /a 100
[24/11/2015 00:13:47] /a 50
[24/11/2015 00:13:52] /a 2
[24/11/2015 00:13:54] /up
[24/11/2015 00:14:17] /a 6
[24/11/2015 00:14:26] /i health potion
[24/11/2015 00:15:09] /m training monk
[27/11/2015 19:27:10] /a 80
[27/11/2015 19:27:28] /a 5
[27/11/2015 19:29:03] /a 3
[27/11/2015 19:29:54] /a 4
[27/11/2015 19:29:59] /a 100
[27/11/2015 19:30:26] /a 60
[27/11/2015 19:31:37] /up
[27/11/2015 19:32:09] /up
[27/11/2015 19:32:18] /up
[27/11/2015 19:32:23] /up
[12/01/2016 12:26:37] /up
[12/01/2016 12:26:42] /a 50
[12/01/2016 12:26:55] /up
[12/01/2016 12:27:24] /down
[12/01/2016 12:27:27] /a 4
[12/01/2016 12:27:55] /i cup
[12/01/2016 12:28:11] /i cup
[12/01/2016 12:30:48] /a 100
[12/01/2016 12:30:53] /a 100
[12/01/2016 12:31:06] /a 30
[12/01/2016 12:31:17] /i golden goblet
[12/01/2016 12:33:13] /i golden goblet
[12/01/2016 17:28:19] /i steel axe
[12/01/2016 17:28:39] /i scale armor
[12/01/2016 17:28:47] /i steel shield
[12/01/2016 17:28:57] /i chai armor
[12/01/2016 17:29:05] /i chain legs
[13/01/2016 20:26:35] /i 6104
[13/01/2016 20:26:42] /i 6104
[13/01/2016 20:26:42] /i 6104
[13/01/2016 20:26:43] /i 6104
[14/01/2016 23:41:23] /a 100
[14/01/2016 23:41:29] /a 30
[17/01/2016 23:47:28] /i iron knife
[17/01/2016 23:47:40] /i iron combat knife
[17/01/2016 23:47:53] /i iron dagger
[17/01/2016 23:48:04] /i iron rapier
[17/01/2016 23:48:20] /i iron sword
[17/01/2016 23:48:43] /i iron longsword
[17/01/2016 23:48:59] /i iron two handed sword
[17/01/2016 23:49:29] /i iron battle mace
[17/01/2016 23:49:58] /i iron battle axe
[17/01/2016 23:50:13] /i iron double axe
[18/01/2016 00:36:01] /i iron battle mace
[18/01/2016 00:36:37] /i mace
[18/01/2016 00:36:43] /i iron mace
[18/01/2016 00:37:28] /i pistol
[18/01/2016 00:37:34] /i rifle
[18/01/2016 00:37:42] /i giant sword
[13/02/2016 22:53:35] /a 50
[13/02/2016 22:54:08] /a 5
[13/02/2016 22:56:09] /a 6
[13/02/2016 22:56:35] /a 5
[13/02/2016 23:01:02] /i red robe
[13/02/2016 23:01:17] /i green tunic
[13/02/2016 23:01:25] /i red tunic
[13/02/2016 23:01:41] /i cape
[13/02/2016 23:01:52] /i dress
[13/02/2016 23:02:09] /i leather armor
[13/02/2016 23:02:21] /i studded armor
[13/02/2016 23:04:01] /i  coat
[13/02/2016 23:04:09] /i jacket
[13/02/2016 23:05:27] /i ball gown
[13/02/2016 23:05:40] /i ranger's cloak
[13/02/2016 23:06:31] /i cowl
[13/02/2016 23:08:21] /i elven armor
[13/02/2016 23:11:14] /i pirate shirt
[13/02/2016 23:18:23] /i dragon scale mail
[13/02/2016 23:37:56] /i magician's robe
[13/02/2016 23:38:26] /i dragon robe
[13/02/2016 23:39:02] /i tunic
[15/02/2016 02:35:15] /ghost
[15/02/2016 02:35:20] /ghost
[15/02/2016 02:35:37] /i bronze studded armor
[15/02/2016 02:35:45] /i bronze studded armor
[15/02/2016 02:35:55] /i iron studded armor
[15/02/2016 02:36:32] /i bronze scale mail
[15/02/2016 02:37:29] /i brass helmet
[15/02/2016 02:42:03] /i chain helmet
[15/02/2016 02:42:18] /i studded helmet
[15/02/2016 02:42:46] /i leather helmet
[15/02/2016 02:43:04] /i legion helmet
[17/02/2016 01:08:27] /down
[17/02/2016 01:10:44] /a 120
[17/02/2016 01:10:49] /a 5
[17/02/2016 01:11:11] /a 50
[17/02/2016 01:11:16] /a 30
[17/02/2016 01:11:44] /down
[15/04/2016 21:30:02] /i bagpack
[15/04/2016 21:30:15] /i red backpack
[15/04/2016 21:30:38] /i cooper ore
[15/04/2016 21:31:03] /i tin ore
[15/04/2016 21:31:15] /t bree
[15/04/2016 21:31:23] /t aldo
[15/04/2016 21:31:34] /up
[15/04/2016 21:31:39] /a 100
[15/04/2016 21:31:47] /i iron ore
[15/04/2016 21:33:03] /a 60
[15/04/2016 21:33:08] /a 10
[15/04/2016 21:34:17] /i gold coin
[15/04/2016 22:28:21] /i leather
[15/04/2016 22:32:46] /up
[15/04/2016 22:37:10] /up
[15/04/2016 22:39:02] /up
[15/04/2016 22:39:07] /a 100
[15/04/2016 22:39:15] /a 70
[15/04/2016 22:39:19] /a 50
[15/04/2016 22:39:24] /a 50
[15/04/2016 22:39:28] /a 12
[15/04/2016 22:46:59] /a 100
[15/04/2016 22:47:04] /a 120
[15/04/2016 22:47:43] /a 10
[15/04/2016 22:49:35] /a 50
[15/04/2016 22:49:39] /a 50
[15/04/2016 22:49:51] /a 30
[15/04/2016 22:50:06] /a 200
[15/04/2016 22:52:56] /up
[15/04/2016 22:53:05] /a 150
[16/04/2016 01:39:46] /m tin deposit
[16/04/2016 01:40:12] /s demon
[16/04/2016 01:41:12] /m frost dragon
[29/04/2016 02:40:19] /m eriador renegades looter
[29/04/2016 02:40:39] /m eriador renegades recruit
[29/04/2016 02:41:14] /m eriador renegades recruit
[29/04/2016 02:41:20] /s bandir
[29/04/2016 02:41:32] /s bree bandit
[29/04/2016 02:42:04] /s bandit
[29/04/2016 13:24:26] /m eriador renegades militia
[29/04/2016 13:24:50] /m eriador renegades looter
[29/04/2016 13:25:01] /m eriador renegades recruit
[29/04/2016 13:26:11] /a 200
[29/04/2016 13:28:31] /a 300
[29/04/2016 13:28:36] /down
[29/04/2016 13:28:43] /a 30
[29/04/2016 13:29:06] /down
[29/04/2016 13:29:11] /a 20
[29/04/2016 13:29:16] /a 1
[29/04/2016 13:29:21] /a 10
[29/04/2016 13:31:14] /a 200
[29/04/2016 13:31:20] /a 50
[29/04/2016 13:33:04] /m eriador renegades looter
[29/04/2016 13:36:06] /m eriador renegades recruit
[29/04/2016 13:41:22] /i iron studded armor
[29/04/2016 13:48:57] /m eriador renegades militia
[29/04/2016 13:57:03] /m eriador renegades militia
[29/04/2016 13:57:15] /s orc leader
[29/04/2016 14:32:50] /m eriador renegades warrior
[29/04/2016 14:33:17] /s renegades recruit
[29/04/2016 14:33:29] /s eridor renegades recruit
[29/04/2016 14:33:41] /s eriador renegades recruit
[29/04/2016 17:17:07] /m eriador renegades sergeant
[29/04/2016 17:17:31] /m eriador renegades commander
[29/04/2016 17:17:46] /s dragon
[29/04/2016 17:18:52] /m eriador renegades commander
[29/04/2016 17:19:05] /m eriador renegades warrior
[29/04/2016 17:19:06] /m eriador renegades warrior
[29/04/2016 17:19:06] /m eriador renegades warrior
[29/04/2016 17:19:07] /m eriador renegades warrior
[29/04/2016 17:19:07] /m eriador renegades warrior
[29/04/2016 17:19:50] /m eriador renegades warrior
[29/04/2016 17:19:50] /m eriador renegades warrior
[29/04/2016 17:19:51] /m eriador renegades warrior
[29/04/2016 17:19:51] /m eriador renegades warrior
[29/04/2016 17:19:52] /m eriador renegades warrior
[29/04/2016 17:19:52] /m eriador renegades warrior
[29/04/2016 17:19:54] /m eriador renegades warrior/m eriador renegades warrior/m eriador renegades warrior
[29/04/2016 17:19:55] /m eriador renegades warrior
[29/04/2016 17:19:56] /m eriador renegades warrior
[29/04/2016 17:20:15] /m eriador renegades sergeant
[29/04/2016 17:25:48] /m eriador renegades sergeant
[29/04/2016 17:26:02] /m eriador renegades commander
[29/04/2016 17:26:18] /s dragon
[17/05/2016 22:31:43] /down
[17/05/2016 22:33:26] /s dragon
[17/05/2016 22:35:15] /i rope
[17/05/2016 22:35:39] /a 5
[17/05/2016 22:42:19] /i shovel
[21/05/2016 04:11:34] /up
[21/05/2016 04:12:19] /a 6
[21/05/2016 04:14:48] /down
[21/05/2016 04:15:23] /a 20
[21/05/2016 04:15:29] /a 30
[21/05/2016 04:15:44] /a 5
[21/05/2016 04:16:36] /a 30
[21/05/2016 04:16:56] /down
[21/05/2016 04:17:08] /a 3
[21/05/2016 04:17:54] /a 200
[21/05/2016 04:18:00] /a 100
[21/05/2016 04:18:06] /a 100
[21/05/2016 04:18:14] /a 100
[21/05/2016 04:18:25] /up
[21/05/2016 04:22:58] /m eriador renegades commander
[21/05/2016 04:23:06] /m eriador renegades commander
[21/05/2016 04:23:07] /m eriador renegades commander
[21/05/2016 04:23:08] /m eriador renegades commander
[21/05/2016 04:23:08] /m eriador renegades commander
[21/05/2016 04:23:09] /m eriador renegades commander
[21/05/2016 04:23:09] /m eriador renegades commander
[21/05/2016 04:23:10] /m eriador renegades commander
[21/05/2016 04:23:11] /m eriador renegades commander
[21/05/2016 04:23:58] /m eriador renegades warrior
[21/05/2016 04:23:58] /m eriador renegades warrior
[21/05/2016 04:23:59] /m eriador renegades warrior
[21/05/2016 04:23:59] /m eriador renegades warrior
[21/05/2016 04:24:00] /m eriador renegades warrior
[21/05/2016 04:24:00] /m eriador renegades warrior
[21/05/2016 04:24:01] /m eriador renegades warrior
[21/05/2016 04:24:01] /m eriador renegades warrior
[21/05/2016 04:24:02] /m eriador renegades warrior
[21/05/2016 12:21:36] /down
[21/05/2016 12:21:43] /a 80
[21/05/2016 12:22:11] /a 3
[21/05/2016 12:22:30] /s tarantula
[21/05/2016 12:22:44] /m eriedor renegades sergeant
[21/05/2016 12:23:28] /m eriador renegades sergeant
[21/05/2016 12:23:51] /m eriador renegades sergeant
[21/05/2016 12:23:52] /m eriador renegades sergeant
[21/05/2016 12:23:52] /m eriador renegades sergeant
[21/05/2016 12:23:53] /m eriador renegades sergeant
[21/05/2016 12:23:53] /m eriador renegades sergeant
[21/05/2016 12:23:54] /m eriador renegades sergeant
[21/05/2016 12:23:54] /m eriador renegades sergeant
[21/05/2016 12:32:26] /m eriador renegades commander
[21/05/2016 12:32:32] /s dragon
[21/05/2016 12:35:26] /m eriador renegades looter
[21/05/2016 12:37:43] /m eriador renegades looter
[20/08/2016 14:00:31] /a 100
[20/08/2016 14:05:14] /down
[20/08/2016 14:05:20] /a 150
[20/08/2016 14:08:33] /down
[20/08/2016 14:08:37] /a 3
[20/08/2016 14:09:50] /down
[20/08/2016 14:09:54] /a 2
[20/08/2016 14:18:01] /down
[20/08/2016 14:18:05] /a 200
[20/08/2016 14:18:08] /up
[20/08/2016 14:18:25] /down
[20/08/2016 14:18:35] /a 10
[20/08/2016 14:18:41] /a 5
[20/08/2016 14:28:35] /a 30
[20/08/2016 14:28:44] /a 20
[20/08/2016 14:28:50] /a 10
[20/08/2016 14:29:09] /down
[20/08/2016 14:29:15] /a 2
[20/08/2016 14:30:25] /a 100
[20/08/2016 14:30:29] /a 50
[20/08/2016 14:30:33] /a 70
[14/12/2016 02:51:21] /a 5
[14/12/2016 02:54:50] /a 30
[14/12/2016 02:54:59] /a 30
[14/12/2016 02:55:04] /up
[14/12/2016 02:58:19] /down
[14/12/2016 02:58:31] /down
[14/12/2016 02:58:39] /down
[14/12/2016 02:59:56] /a 200
[14/12/2016 03:00:01] /a 150
[14/12/2016 03:00:53] /a 2
[14/12/2016 03:00:56] /up
[14/12/2016 03:01:26] /a 2
[14/12/2016 03:01:28] /up
[14/12/2016 03:01:37] /a 30
[14/12/2016 03:01:44] /a 20
[14/12/2016 03:02:09] /down
[14/12/2016 03:02:21] /a 10
[14/12/2016 03:02:52] /a 3
[14/12/2016 03:03:09] /a 20
[14/12/2016 03:08:24] /up
[14/12/2016 03:08:38] /up
[14/12/2016 03:08:55] /up
[14/12/2016 03:09:03] /up
[14/12/2016 03:09:10] /up
[14/12/2016 03:09:30] /up
[14/12/2016 03:09:39] /up
[14/12/2016 03:09:50] /a 30
[14/12/2016 03:09:54] /a 50
[14/12/2016 03:10:01] /a 50
[14/12/2016 03:10:05] /a 100
[14/12/2016 03:10:09] /up
[14/12/2016 03:14:06] /s demon
[14/12/2016 03:16:44] /s demon
[14/12/2016 03:25:18] /m demodras
[14/12/2016 03:25:38] /m orshaval
[14/12/2016 03:25:47] /m Verminor
[14/12/2016 03:26:03] /m lost soul
[14/12/2016 03:26:47] /m dark torturer
[14/12/2016 03:27:32] /i spell book
[14/12/2016 03:27:56] /s lost soul
[14/12/2016 03:28:21] /s slime
[14/12/2016 03:28:27] /s slime
[14/12/2016 03:28:34] /s slime
[14/12/2016 21:58:03] /s demon
[14/12/2016 21:59:04] /m dragon
[14/12/2016 21:59:24] /m hydra
[14/12/2016 21:59:42] /m demodras
[14/12/2016 22:00:54] /s ferumbras
[27/12/2016 03:14:16] /down
[27/12/2016 03:14:20] /a 300
[27/12/2016 03:14:26] /a 50
[27/12/2016 03:14:34] /a 20
[27/12/2016 03:14:41] /a 30
[27/12/2016 03:14:44] /up
[27/12/2016 03:14:54] /a 10
[27/12/2016 03:14:56] /up
[27/12/2016 03:15:10] /m orc warrior
[27/12/2016 03:15:49] /i spider silk
[27/12/2016 03:16:07] /m orc
[27/12/2016 03:16:19] /m orc
[27/12/2016 03:16:19] /m orc
[27/12/2016 03:16:20] /m orc
[27/12/2016 03:19:31] /i tarantula egg
[27/12/2016 03:19:58] /m rat
[27/12/2016 03:19:58] /m rat
[27/12/2016 03:19:59] /m rat
[27/12/2016 03:19:59] /m rat
[27/12/2016 03:19:59] /m rat
[27/12/2016 03:20:00] /m rat
[27/12/2016 03:20:00] /m rat
[27/12/2016 03:20:00] /m rat
[27/12/2016 03:20:01] /m rat/m rat
[27/12/2016 03:20:02] /m rat
[27/12/2016 03:20:02] /m rat
[27/12/2016 03:20:03] /m rat
[27/12/2016 03:20:03] /m rat
[27/12/2016 03:20:03] /m rat
[27/12/2016 03:20:04] /m rat
[27/12/2016 03:20:04] /m rat
[27/12/2016 03:20:05] /m rat/m rat
[27/12/2016 03:20:06] /m rat/m rat
[27/12/2016 03:20:07] /m rat
[27/12/2016 03:20:08] /m rat
[27/12/2016 03:20:09] /m rat
[27/12/2016 03:20:10] /m rat
[27/12/2016 03:20:10] /m rat
[27/12/2016 03:20:12] /m rat
[27/12/2016 03:20:12] /m rat
[27/12/2016 03:20:13] /m rat
[27/12/2016 03:20:13] /m rat
[27/12/2016 03:20:14] /m rat
[27/12/2016 03:20:14] /m rat
[27/12/2016 03:20:15] /m rat
[27/12/2016 16:19:11] /down
[27/12/2016 16:19:14] /down
[27/12/2016 16:19:18] /a 100
[27/12/2016 16:19:26] /a 100
[27/12/2016 16:19:32] /a 50
[27/12/2016 16:19:42] /a 10
[27/12/2016 20:48:40] /a 40
[27/12/2016 20:49:15] /i gold coin
[27/12/2016 20:49:24] /i spear
[27/12/2016 20:58:06] /a 200
[27/12/2016 20:58:11] /a 5
[27/12/2016 20:58:15] /a 40
[27/12/2016 20:58:21] /a 1
[27/12/2016 20:58:25] /a 5
[27/12/2016 20:59:06] /i bread
[27/12/2016 21:43:27] /i highscore book
[28/12/2016 13:15:10] /i gold coin
[28/12/2016 13:40:33] /i studded helmet
[28/12/2016 13:40:56] /i bronze helmet
[28/12/2016 13:41:07] /i legon helmet
[28/12/2016 13:41:17] /i legion helmet
[28/12/2016 13:42:33] /i iron helmet
[28/12/2016 13:50:12] /i iron chain coif
[28/12/2016 13:52:34] /a 300
[28/12/2016 13:52:40] /a 200
[28/12/2016 13:56:35] /m demon
[28/12/2016 13:56:41] /m demon
[28/12/2016 13:56:47] /s demon
[28/12/2016 13:56:54] /m orc
[28/12/2016 13:57:12] /m renegades commander
[28/12/2016 13:57:22] /m rat
[28/12/2016 13:57:31] /m wolf
[28/12/2016 13:57:40] /m bree bandit
[28/12/2016 13:57:48] /m great bear
[28/12/2016 13:57:55] /m bear
[28/12/2016 13:58:16] /m larry halfsnout
[28/12/2016 13:58:37] /s ranging wolf
[28/12/2016 13:58:48] /s rabbit
[28/12/2016 13:59:13] /s larry halfsnout
[29/12/2016 01:16:06] /a 100
[29/12/2016 01:16:31] /a 13
[29/12/2016 01:16:44] /i platinium coin
[29/12/2016 01:16:51] /i cristal coin
[29/12/2016 01:16:57] /i crystal coin
[29/12/2016 02:17:54] /m eriador renegades looter
[30/12/2016 00:43:11] /i bronze kite shield
[30/12/2016 00:45:07] /a 50
[30/12/2016 00:47:08] /a 10
[30/12/2016 00:47:19] /a 8
[30/12/2016 00:47:27] /a 5
[30/12/2016 00:49:59] /a 100
[30/12/2016 00:50:03] /a 20
[30/12/2016 00:50:07] /up
[30/12/2016 00:50:10] /up
[30/12/2016 00:50:58] /down
[06/01/2017 02:50:06] /down
[06/01/2017 02:50:12] /down
[06/01/2017 02:50:24] /a 100
[06/01/2017 02:50:41] /a 100
[06/01/2017 02:50:57] /i halfling bread of speed
[06/01/2017 02:52:45] /i halfling bread of speed
[06/01/2017 02:53:25] /i halfling bread of speed
[06/01/2017 02:53:35] /a 200
[06/01/2017 02:53:41] /a 100
[06/01/2017 02:53:46] /a 30
[06/01/2017 02:59:16] /i bread
[06/01/2017 03:00:07] /i berserker potion
[06/01/2017 03:00:29] /i berserk potion
[06/01/2017 03:04:25] /i halfling bread of speed
[06/01/2017 03:12:53] /i halfling bread of speed
[06/01/2017 03:13:33] /i halfling bread of speed
[06/01/2017 03:15:22] /i halfling bread of speed
[06/01/2017 03:15:41] /i bread
[06/01/2017 03:21:14] /i halfling bread of speed
[06/01/2017 03:21:16] /i halfling bread of speed
[06/01/2017 03:25:33] /a 200
[06/01/2017 03:25:39] /a 20
[06/01/2017 03:25:45] /a 50
[06/01/2017 03:25:55] /a 100
[06/01/2017 03:26:02] /a 40
[06/01/2017 03:26:11] /a 20
[06/01/2017 03:26:14] /up
[06/01/2017 03:26:20] /up
[06/01/2017 03:26:25] /i halfling bread of speed
[11/01/2017 00:19:36] /down
[11/01/2017 00:19:40] /down
[11/01/2017 00:19:45] /a 200
[11/01/2017 00:19:50] /a 40
[11/01/2017 00:19:55] /a 30
[11/01/2017 13:15:31] /down
[11/01/2017 13:15:35] /a 4
[11/01/2017 13:16:40] /down
[11/01/2017 13:21:12] /up
[11/01/2017 13:21:50] /a 10
[11/01/2017 13:22:13] /a 5
[11/01/2017 13:25:07] /a 10
[11/01/2017 13:25:32] /a 3
[11/01/2017 13:26:12] /a 2
[11/01/2017 13:26:14] /up
[11/01/2017 13:26:53] /down
[20/01/2017 13:11:01] /down
[20/01/2017 13:11:04] /down
[20/01/2017 13:11:08] /up
[20/01/2017 13:11:12] /a 200
[20/01/2017 13:11:21] /a 50
[20/01/2017 13:11:29] /a 20
[20/01/2017 13:11:35] /a 30
[20/01/2017 13:11:43] /a 100
[20/01/2017 13:11:49] /a 30
[20/01/2017 13:13:09] /i sythe
[20/01/2017 13:13:15] /i shyte
[20/01/2017 13:13:47] /i scythe
[11/07/2017 23:54:10] /down
[11/07/2017 23:54:15] /up
[11/07/2017 23:54:21] /a 100
[11/07/2017 23:54:24] /up
[11/07/2017 23:54:34] /down
[11/07/2017 23:54:38] /down
[11/07/2017 23:54:42] /a 200
[11/07/2017 23:54:47] /a 10
[11/07/2017 23:54:53] /a 100
[11/07/2017 23:55:00] /a 100
[11/07/2017 23:55:09] /a 12
[11/07/2017 23:55:25] /a 30
[11/07/2017 23:56:20] /a 100
[11/07/2017 23:56:25] /a 50
[11/07/2017 23:56:30] /a 50
[12/07/2017 00:24:19] /i blood herb
[12/07/2017 03:36:02] /i powder herb
[13/07/2017 17:14:17] /a 150
[13/07/2017 17:14:20] /a 40
[13/07/2017 17:16:04] /i sickle
[13/07/2017 17:17:25] /i bronze sickle
[13/07/2017 17:20:56] /i scythe
[13/07/2017 19:35:52] /i rotten meat
[13/07/2017 19:36:43] /i smoke
[13/07/2017 19:37:31] /i spell rune
[13/07/2017 19:38:57] /i bone
[13/07/2017 19:39:02] /i bone
[13/07/2017 23:17:19] /a 120
[13/07/2017 23:17:23] /up
[13/07/2017 23:21:05] /i ank
[13/07/2017 23:21:15] /i ankh
[13/07/2017 23:21:37] /down
[13/07/2017 23:21:49] /i old ankh
[13/07/2017 23:21:57] /i sacred ankh
[13/07/2017 23:22:16] /a 100
[13/07/2017 23:22:19] /a 40
[13/07/2017 23:25:04] /a 60
[13/07/2017 23:25:08] /a 100
[14/07/2017 02:41:05] /down
[14/07/2017 02:41:08] /a 100
[14/07/2017 02:41:14] /a 70
[14/07/2017 02:41:43] /i cristal coin
[14/07/2017 02:41:51] /i platinium coin
[14/07/2017 02:42:05] /i gold coin
[14/07/2017 02:42:17] /i platinum coin
[14/07/2017 02:42:29] /i crystal coin
[14/07/2017 03:00:05] /b hola
[14/07/2017 03:00:23] /b raid!!
[14/07/2017 03:03:46] /r
[14/07/2017 03:03:51] /r
[14/07/2017 03:05:36] /raid example
[14/07/2017 03:06:59] /raid example
[14/07/2017 03:19:25] /raid Bree Storm
[14/07/2017 03:41:48] /m dragon
[14/07/2017 03:41:54] /m orc
[14/07/2017 03:42:01] /m bear
[14/07/2017 03:57:03] /a 100
[14/07/2017 03:57:10] /a 60
[14/07/2017 03:57:15] /down
[14/07/2017 03:57:21] /a 4
[14/07/2017 03:59:23] /a 12
[14/07/2017 03:59:32] /down
[14/07/2017 04:01:15] /up
[14/07/2017 04:02:43] /i dragon helmet
[14/07/2017 04:02:49] /i golden helmet
[14/07/2017 04:05:15] /up
[14/07/2017 04:05:21] /a 60
[14/07/2017 04:05:26] /a 70
[14/07/2017 04:05:31] /a 49
[14/07/2017 04:05:56] /i eriador renegades looter
[14/07/2017 04:06:11] /m eriador renegades recruit
[14/07/2017 04:08:10] /m eriador renegades warrior
[14/07/2017 04:10:18] /i powder herb
[14/07/2017 04:10:46] /m eriador renegades seargent
[14/07/2017 04:10:59] /m eriador renegades militia
[14/07/2017 04:29:12] /m bree bandit
[14/07/2017 04:29:21] /m bree robber
[14/07/2017 04:29:33] /m brees robber
[14/07/2017 04:29:44] /m great bear
[14/07/2017 04:29:55] /m bear
[15/07/2017 00:19:41] /a 60
[15/07/2017 00:19:50] /a 80
[15/07/2017 00:19:54] /down
[15/07/2017 00:20:01] /a 40
[15/07/2017 00:20:15] /a 10
[15/07/2017 00:24:13] /up
[15/07/2017 00:24:21] /a 100
[15/07/2017 00:24:29] /a 100
[15/07/2017 03:43:13] /addskill
[15/07/2017 03:43:40] /addskill sword 1
[15/07/2017 03:48:11] /down
[15/07/2017 03:48:16] /a 150
[15/07/2017 03:48:22] /a 70
[15/07/2017 03:48:27] /a 50
[15/07/2017 03:48:32] /a 40
[15/07/2017 03:48:45] /i leather
[15/07/2017 19:59:04] /a 200
[15/07/2017 19:59:10] /a 40
[15/07/2017 20:05:21] /down
[16/07/2017 19:41:00] /up
[16/07/2017 19:41:34] /a 60
[16/07/2017 19:41:40] /a 100
[16/07/2017 19:41:48] /a 60
[16/07/2017 19:41:51] /a 40
[16/07/2017 21:47:50] /m rat
[16/07/2017 21:48:04] /m wolf
[16/07/2017 21:48:17] /m bear
[16/07/2017 21:48:31] /i spear
[16/07/2017 21:49:54] /i crystal coin
[16/07/2017 21:50:37] /m deer
[16/07/2017 21:50:38] /m deer
[16/07/2017 21:50:39] /m deer
[16/07/2017 21:50:39] /m deer
[16/07/2017 21:50:40] /m deer
[16/07/2017 21:50:40] /m deer
[16/07/2017 21:50:41] /m deer
[16/07/2017 21:50:41] /m deer
[16/07/2017 21:50:42] /m deer
[16/07/2017 21:50:42] /m deer
[16/07/2017 21:50:43] /m deer
[16/07/2017 21:50:43] /m deer
[16/07/2017 21:50:44] /m deer
[16/07/2017 21:50:44] /m deer
[16/07/2017 21:50:45] /m deer
[16/07/2017 21:50:45] /m deer
[16/07/2017 21:50:46] /m deer
[16/07/2017 21:50:46] /m deer
[16/07/2017 21:50:47] /m deer
[16/07/2017 21:53:58] /m eriador renegades commander
[16/07/2017 21:53:59] /m eriador renegades commander
[16/07/2017 21:54:00] /m eriador renegades commander
[16/07/2017 21:54:00] /m eriador renegades commander
[16/07/2017 21:54:01] /m eriador renegades commander
[16/07/2017 21:54:02] /m eriador renegades commander
[16/07/2017 21:54:02] /m eriador renegades commander
[16/07/2017 21:54:03] /m eriador renegades commander
[16/07/2017 21:54:03] /m eriador renegades commander
[16/07/2017 21:54:32] /m eriador renegades looter
[16/07/2017 21:55:12] /i powder herb
[16/07/2017 21:56:33] /m eriador renegades recruit
[16/07/2017 21:57:21] /i blood herb
[16/07/2017 21:57:41] /i powder herb
[16/07/2017 21:57:58] /i health potion
[16/07/2017 22:02:42] /i iron kite shield
[16/07/2017 22:03:12] /m eriador renegades militia
[16/07/2017 22:03:46] /m eriador renegades militia
[16/07/2017 22:04:28] /a 3
[16/07/2017 22:05:48] /m eriador renegades warrior
[16/07/2017 22:06:36] /s warrior skeleton
[16/07/2017 22:06:44] /s ghoul
[16/07/2017 22:07:18] /m carrion worm
[16/07/2017 22:08:25] /m great bear
[16/07/2017 22:10:01] /i iron scale armor
[16/07/2017 22:10:21] /i iron chain legs
[16/07/2017 22:10:38] /i iron chain helmet
[16/07/2017 22:11:31] /i hunting spear
[16/07/2017 22:12:25] /m eriador renegades militia
[16/07/2017 22:13:12] /i bronze legs
[16/07/2017 22:13:21] /i iron armor
[16/07/2017 22:13:34] /i iron helmet
[16/07/2017 22:14:16] /i health potion
[16/07/2017 22:14:31] /m eriador renegades commander
[16/07/2017 22:16:15] /m eriador renegades commander
[16/07/2017 22:16:16] /m eriador renegades commander
[16/07/2017 22:16:17] /m eriador renegades commander
[16/07/2017 22:16:18] /m eriador renegades commander
[16/07/2017 22:16:18] /m eriador renegades commander
[16/07/2017 22:16:19] /m eriador renegades commander
[16/07/2017 22:16:44] /m eriador renegades commander
[16/07/2017 22:16:44] /m eriador renegades commander
[16/07/2017 22:16:45] /m eriador renegades commander
[16/07/2017 22:16:46] /m eriador renegades commander
[16/07/2017 22:16:46] /m eriador renegades commander
[16/07/2017 22:16:47] /m eriador renegades commander
[16/07/2017 22:16:47] /m eriador renegades commander
[16/07/2017 22:16:48] /m eriador renegades commander
[16/07/2017 22:16:48] /m eriador renegades commander
[16/07/2017 22:16:49] /m eriador renegades commander
[16/07/2017 22:16:49] /m eriador renegades commander
[16/07/2017 22:16:50] /m eriador renegades commander
[16/07/2017 22:16:50] /m eriador renegades commander
[16/07/2017 22:16:51] /m eriador renegades commander
[16/07/2017 22:16:51] /m eriador renegades commander
[16/07/2017 22:16:52] /m eriador renegades commander
[16/07/2017 22:16:52] /m eriador renegades commander
[16/07/2017 22:16:53] /m eriador renegades commander
[16/07/2017 22:16:53] /m eriador renegades commander
[16/07/2017 22:18:30] /i parcel
[16/07/2017 22:18:41] /i tag
[16/07/2017 22:19:45] /m bankman billy
[17/07/2017 00:45:40] /a 200
[17/07/2017 00:45:58] /i sligt herb
[17/07/2017 00:46:06] /i sling herb
[17/07/2017 00:46:37] /i star herb
[17/07/2017 02:01:49] /a 100
[17/07/2017 02:01:54] /down
[17/07/2017 02:02:00] /a 3
[17/07/2017 02:02:07] /a 5
[17/07/2017 02:02:14] /a 3
[17/07/2017 02:02:58] /a 20
[17/07/2017 02:03:02] /a 10
[17/07/2017 02:04:42] /up
[17/07/2017 02:05:28] /a 3
[17/07/2017 02:05:40] /up
[17/07/2017 02:06:22] /i crown amor
[17/07/2017 02:06:27] /i crown armor
[17/07/2017 02:06:44] /i knight armor
[17/07/2017 02:06:59] /i dragon scale mail
[17/07/2017 02:07:24] /i dragon scale legs
[17/07/2017 02:07:30] /i dragon legs
[17/07/2017 02:07:51] /i dragon mail legs
[17/07/2017 02:07:58] /i dragon scale mail legs
[17/07/2017 02:08:04] /i golden legs
[17/07/2017 02:08:13] /i golden armor
[17/07/2017 02:08:25] /i demon armor
[17/07/2017 02:08:33] /i demon legs
[17/07/2017 02:08:39] /i demon helmet
[17/07/2017 02:09:25] /i dwarven armor
[17/07/2017 02:09:38] /i master paladina rmor
[17/07/2017 02:09:48] /i master paladin armor
[17/07/2017 02:09:59] /i hornet helmet
[17/07/2017 02:10:14] /i dragon scale helm
[17/07/2017 02:10:23] /i dragon scale helmet
[17/07/2017 02:10:32] /i full ancient helm
[17/07/2017 02:10:40] /i full ancient helmet
[17/07/2017 02:10:51] /i crown helmt
[17/07/2017 02:10:58] /i crown helmet
[17/07/2017 02:11:08] /i crown shield
[17/07/2017 02:11:26] /i golden shield
[17/07/2017 02:11:37] /i demon boots
[17/07/2017 02:11:43] /i demonic sword
[17/07/2017 02:11:59] /i magic long sword
[17/07/2017 02:16:07] /i emerald sword
[17/07/2017 02:17:06] /i the epiphany
[17/07/2017 02:19:23] /i firewalker boots
[17/07/2017 02:21:00] /i claw of the noxious spawn
[17/07/2017 02:21:17] /i claw of 'the noxious spawn'
[17/07/2017 02:21:32] /i death ring
[17/07/2017 02:22:47] /i shockwave amulet
[17/07/2017 03:08:33] /i iron chain legs
[17/07/2017 03:08:48] /i iron legs
[17/07/2017 03:09:02] /i bronze legs
[17/07/2017 04:17:45] /down
[17/07/2017 04:17:52] /a 30
[17/07/2017 04:17:56] /down
[17/07/2017 04:18:01] /a 30
[17/07/2017 04:18:05] /a 10
[17/07/2017 04:20:14] /i rope
[17/07/2017 04:20:21] /i book
[17/07/2017 05:41:00] /a 50
[17/07/2017 05:41:04] /a 80
[17/07/2017 05:41:08] /a 30
[17/07/2017 05:41:33] /i health potion
[17/07/2017 05:41:44] /i powder herb
[17/07/2017 05:42:01] /i iron armor
[17/07/2017 05:42:24] /i scarf
[17/07/2017 05:58:03] /a 80
[17/07/2017 05:58:08] /a 50
[17/07/2017 05:58:15] /a 40
[17/07/2017 05:58:19] /a 4
[17/07/2017 05:58:23] /up
[17/07/2017 05:58:34] /i pick
[17/07/2017 06:05:57] /i shovel
[17/07/2017 06:13:02] /down
[17/07/2017 06:13:07] /a 120
[17/07/2017 06:13:14] /a 100
[17/07/2017 06:13:20] /a 40
[17/07/2017 06:13:24] /a 20
[17/07/2017 06:13:31] /a 50
[17/07/2017 06:13:37] /a 30
[17/07/2017 06:18:30] /i star herb
[17/07/2017 06:35:01] /i highscore book
[17/07/2017 21:51:58] /a 200
[17/07/2017 21:52:08] /a 60
[17/07/2017 21:53:05] /i white pieces of cloth
[17/07/2017 21:53:34] /i white piece of cloth
[17/07/2017 21:53:44] /i brown piece of cloth
[17/07/2017 22:01:34] /a 80
[17/07/2017 22:01:37] /up
[17/07/2017 22:02:08] /a 50
[17/07/2017 22:02:12] /a 50
[17/07/2017 22:02:20] /a 40
[17/07/2017 22:02:32] /a 40
[17/07/2017 22:02:39] /a 30
[17/07/2017 22:03:26] /addskill Lols sword
[18/07/2017 13:35:03] /down
[18/07/2017 13:35:08] /a 80
[18/07/2017 13:35:12] /a 50
[18/07/2017 13:35:16] /a 60
[18/07/2017 13:35:40] /i blank rune
[18/07/2017 13:35:46] /i sling herb
[18/07/2017 13:35:58] /i spell book
[18/07/2017 14:23:08] /i wand of vortex
[18/07/2017 18:26:29] /i troll green
[18/07/2017 18:26:39] /i blood herb
[18/07/2017 18:27:56] /i mana potion
[18/07/2017 18:32:03] /i skull
[18/07/2017 22:24:00] /i wooden plank
[18/07/2017 22:24:23] /a 60
[18/07/2017 22:26:29] /a 80
[19/07/2017 01:22:40] /i  herbal poison rune
[19/07/2017 01:23:04] /i herbal healing rune
[19/07/2017 01:23:28] /i herbal paralyze rune
[19/07/2017 01:37:32] /m bear
[19/07/2017 01:40:46] /m bear
[19/07/2017 02:03:14] /i herbal poison rune
[19/07/2017 10:33:28] /a 200
[19/07/2017 10:33:32] /a 100
[19/07/2017 10:33:38] /a 80
[19/07/2017 10:33:44] /a 2
[19/07/2017 10:34:08] /ghost
[19/07/2017 10:35:14] /a 300
[19/07/2017 10:35:38] /a 10
[19/07/2017 10:35:51] /ghost
[19/07/2017 10:36:10] /ghost
[19/07/2017 10:37:23] /ghost
[19/07/2017 10:47:40] /goto Lord Pico
[19/07/2017 11:46:33] /goto Lord Pico
[19/07/2017 11:46:45] /up
[19/07/2017 11:46:49] /up
[19/07/2017 12:02:51] /reports
[19/07/2017 12:03:15] /info Lord Pico
[19/07/2017 12:03:29] /info Sifilis
[19/07/2017 12:03:37] /info Lols
[19/07/2017 12:27:44] /addskill 2 sword
[19/07/2017 12:45:34] /info Lord Pico
[19/07/2017 15:52:46] /info Akcheas
[19/07/2017 15:52:54] /info Alcheas
[19/07/2017 15:53:02] /info Alcheos
[19/07/2017 19:46:32] /goto Alcheos
[19/07/2017 19:46:51] /up
[19/07/2017 19:47:38] /m wolf
[19/07/2017 19:49:23] /goto El Profe
[19/07/2017 19:50:00] /m wolf
[19/07/2017 19:51:02] /ghost
[19/07/2017 19:51:37] /ghost
[19/07/2017 19:51:42] /m bear
[19/07/2017 19:52:15] /goto Mago Merlot
[19/07/2017 19:53:03] /ghost
[19/07/2017 19:53:49] /i troll green
[19/07/2017 19:53:53] /ghost
[19/07/2017 19:55:11] /ghost
[19/07/2017 19:56:25] /ghost
[19/07/2017 19:56:34] /goto Mago Merlot
[19/07/2017 19:57:25] /ghost
[19/07/2017 19:58:12] /ghost
[19/07/2017 19:58:38] /goto Alcheos
[19/07/2017 19:59:04] /goto El Profe
[19/07/2017 19:59:21] /goto Mago Merlot
[19/07/2017 20:01:11] /ghost
[19/07/2017 20:02:52] /ghost
[19/07/2017 20:02:59] /goto Mago Merlot
[19/07/2017 20:03:28] /goto Archeos
[19/07/2017 20:03:45] /goto Alcheos
[19/07/2017 20:04:41] /ghost
[19/07/2017 20:06:28] /ghost
[19/07/2017 20:06:34] /goto MagoMerlot
[19/07/2017 20:06:43] /goto Mago Merlot
[19/07/2017 20:06:58] /a 50
[19/07/2017 20:07:02] /a 6
[19/07/2017 20:07:47] /i mushrooms
[19/07/2017 20:07:58] /i powder herb
[19/07/2017 20:08:29] /ghost
[19/07/2017 20:12:17] /ghost
[19/07/2017 20:12:38] /ghost
[19/07/2017 20:13:10] /ghost
[19/07/2017 20:14:08] /goto Alcheos
[19/07/2017 20:15:05] /notations hola
[19/07/2017 20:15:47] /serverdiag
[19/07/2017 20:17:32] /squelch
[19/07/2017 20:17:36] /squelch
[19/07/2017 20:18:03] /bc
[19/07/2017 20:18:09] /bc hola
[19/07/2017 20:18:40] /bc estaba viendo como funciona
[19/07/2017 20:46:18] /ghost
[19/07/2017 20:46:22] /ghost
[19/07/2017 20:46:32] /goto El Profe
[19/07/2017 20:47:51] /goto Alcheos
[19/07/2017 20:47:59] /a 1
[19/07/2017 20:48:06] /a 2
[19/07/2017 20:49:42] /up
[19/07/2017 21:05:57] /goto sifilis
[19/07/2017 21:06:04] /ghost
[19/07/2017 21:08:48] /ghost
[19/07/2017 21:56:50] /i fur boots
[19/07/2017 21:57:06] /serverdiag
[19/07/2017 21:58:18] /i ragnir helmet
[19/07/2017 21:58:36] /i krimhorn helmet
[19/07/2017 21:59:13] /ghost
[19/07/2017 21:59:17] /ghost
[19/07/2017 21:59:25] /goto alcheos
[19/07/2017 21:59:43] /goto Mago Merlot
[19/07/2017 22:40:55] /bc se reiniciara el server
[19/07/2017 22:41:06] /bc en 5 min
[19/07/2017 22:41:42] /bc en Atencion! se reiniciara el server en 5 min
[19/07/2017 22:42:21] /bc en desconectense de manera segura
[19/07/2017 22:42:35] /goto El Profe
[19/07/2017 22:42:54] /goto Alcheos
[19/07/2017 22:44:42] /goto mago merlot
[19/07/2017 23:45:29] /serverdiag
[20/07/2017 00:34:47] /ghost
[20/07/2017 00:34:55] /ghost
[20/07/2017 00:50:09] /bc en En 5 minutos se cerrara y abrira el server para arreglar un bug
[20/07/2017 00:50:39] /bc en busquen algun lugar seguro y desconenctense en 5 minutos
[20/07/2017 00:53:37] /bc en Quedan 2 minutos
[20/07/2017 00:55:02] /goto El profe
[20/07/2017 00:55:23] /goto Alcheos
[20/07/2017 00:56:09] /bc en Se cerrara el server por unos minutos
[20/07/2017 00:58:27] /t Alcheos
[20/07/2017 01:02:08] /goto Nymeria
[20/07/2017 01:07:23] /i backpack
[20/07/2017 01:07:50] /i iron axe
[20/07/2017 01:08:05] /i iron studded armor
[20/07/2017 01:08:16] /i leather helmet
[20/07/2017 01:08:31] /i bronze round shield
[20/07/2017 01:08:42] /i leather legs
[20/07/2017 01:08:50] /i leather boots
[20/07/2017 01:09:04] /i leather
[20/07/2017 01:09:16] /i worms
[20/07/2017 01:09:20] /i worm
[20/07/2017 01:09:31] /i chiken feather
[20/07/2017 01:09:42] /i chicken feather
[20/07/2017 01:09:50] /i rope
[20/07/2017 01:10:05] /i bronze sickle
[20/07/2017 01:10:14] /i scarf
[20/07/2017 01:11:04] /i meat
[20/07/2017 01:12:25] /i wooden plank
[20/07/2017 01:12:39] /i wood plank
[20/07/2017 01:15:32] /serverdiag
[20/07/2017 01:16:03] /goto Nymeria
[20/07/2017 01:16:21] /ghost
[20/07/2017 01:17:36] /ghost
[20/07/2017 01:17:44] /goto el profe
[20/07/2017 01:18:06] /goto alcheos
[20/07/2017 01:18:44] /info Alcheos
[20/07/2017 01:22:14] /bc en Server will be closed at 1 am
[20/07/2017 01:22:47] /bc en And open again at 10 am
[20/07/2017 01:23:17] /goto el profe
[20/07/2017 01:24:42] /goto el profe
[20/07/2017 01:25:12] /bc en Server will be closed at 1 am
[20/07/2017 01:25:33] /bc en And open again at 10 am
[20/07/2017 01:36:57] /goto nymeria
[20/07/2017 01:37:12] /ghost
[20/07/2017 01:37:26] /t nymeria
[20/07/2017 01:37:34] /goto nymeria
[20/07/2017 01:39:33] /ghost
[20/07/2017 01:40:42] /a 100
[20/07/2017 01:40:46] /a 100
[20/07/2017 01:40:51] /a 40
[20/07/2017 01:40:56] /a 50
[20/07/2017 01:41:00] /down
[20/07/2017 01:41:06] /a 1
[20/07/2017 01:43:05] /goto nymeria
[20/07/2017 01:43:11] /up
[20/07/2017 01:46:38] /goto el profe
[20/07/2017 01:46:51] /goto Alcheos
[20/07/2017 10:34:22] /serverdiag
[20/07/2017 11:05:14] /ghost
[20/07/2017 11:08:29] /a 3
[20/07/2017 11:11:43] /ghost
[20/07/2017 11:31:58] /goto Mago Merlot
[20/07/2017 12:25:22] /goto Lord Pico
[20/07/2017 12:25:28] /a 3
[20/07/2017 12:26:05] /goto Mago Merlot
[20/07/2017 12:29:50] /goto mago merlot
[20/07/2017 12:31:43] /goto el profe
[20/07/2017 12:38:25] /goto mago merlot
[20/07/2017 12:38:32] /a 4
[20/07/2017 13:21:29] /up
[20/07/2017 13:21:32] /a 90
[20/07/2017 13:21:35] /a 50
[20/07/2017 13:21:38] /a 30
[20/07/2017 13:21:42] /a 50
[20/07/2017 13:21:46] /a 30
[20/07/2017 13:31:55] /bc en Server will be down for a moment
[20/07/2017 13:32:11] /bc en in 5 minutes
[20/07/2017 13:32:31] /bc fixing bugs
[20/07/2017 13:33:10] /goto Alcheos
[20/07/2017 13:33:29] /bc en please go to a save spot in 3 minutes
[20/07/2017 13:34:05] /bc en pico nos  epa que hablo en ingles lo cierro y lo abro al toque
[20/07/2017 13:34:18] /bc en piquenla culiaos
[20/07/2017 13:34:26] /bc en en 1 min
[20/07/2017 13:34:46] /bc ya al toque no ams
[20/07/2017 13:35:32] /a 200
[20/07/2017 13:35:34] /a 200
[20/07/2017 13:35:52] /a 100
[20/07/2017 13:35:56] /a 50
[20/07/2017 13:36:00] /a 50
[20/07/2017 13:40:37] /m Larry Halfsnout
[20/07/2017 13:50:07] /goto Alcheos
[20/07/2017 13:51:06] /goto Nymeria
[20/07/2017 13:51:17] /goto El profe
[20/07/2017 13:54:18] /a 350
[20/07/2017 13:54:22] /a 50
[20/07/2017 13:54:26] /a 50
[20/07/2017 13:54:33] /a 40
[20/07/2017 13:54:42] /a 50
[20/07/2017 13:54:45] /a 40
[20/07/2017 13:55:59] /a 50
[20/07/2017 13:56:02] /a 200
[20/07/2017 13:56:09] /a 5
[20/07/2017 13:56:12] /up
[20/07/2017 13:56:38] /m booteater tarantula
[20/07/2017 13:57:05] /m boot eater tarantula
[20/07/2017 13:59:15] /goto alcheos
[20/07/2017 14:01:04] /goto El profe
[20/07/2017 14:03:02] /t Lols
[20/07/2017 14:03:13] /m larry halfsnout
[20/07/2017 14:06:11] /ghost
[20/07/2017 14:07:47] /ghost
[20/07/2017 14:08:32] /bc en la mision de larry halfsnout noe sat funcionando, pero aun asi el jefe puede dar buenos items
[20/07/2017 14:08:47] /a 200
[20/07/2017 14:09:20] /m orc spy
[20/07/2017 14:09:35] /s bree bandit
[20/07/2017 14:09:42] /s assasin
[20/07/2017 14:09:56] /s bree robber
[20/07/2017 14:10:05] /s bear
[20/07/2017 14:10:43] /s eriador renegades recruit
[20/07/2017 18:19:22] /i eriador guardian sword
[20/07/2017 18:20:12] /i eriador battle axe
[20/07/2017 18:20:42] /i eriador great axe
[20/07/2017 18:21:33] /i eriador battle mace
[20/07/2017 20:14:14] /serverdiag
[20/07/2017 20:14:59] /goto Mago Merlot
[20/07/2017 20:36:05] /bc en Reiniciare el erver
[20/07/2017 20:36:11] /bc en server
[20/07/2017 20:36:22] /goto Nymeria
[20/07/2017 20:36:48] /goto Mago Merlot
[20/07/2017 22:05:22] /goto El profe
[20/07/2017 22:05:30] /up
[20/07/2017 22:15:05] /i koshei's ancient amulet
[20/07/2017 22:15:37] /i amulet
[20/07/2017 23:03:40] /goto el profe
[20/07/2017 23:04:57] /a 3
[20/07/2017 23:11:15] /a 200
[20/07/2017 23:11:20] /a 200
[20/07/2017 23:11:30] /a 9
[20/07/2017 23:11:35] /up
[20/07/2017 23:11:37] /up
[21/07/2017 00:29:13] /goto el profe
[21/07/2017 00:38:27] /goto Mago merlot
[21/07/2017 01:21:43] /goto el profe
[21/07/2017 01:29:51] /goto el profe
[21/07/2017 01:34:04] /m bear
[21/07/2017 01:35:19] /m great bear
[21/07/2017 01:37:55] /bc en cierro y abro al toque
[21/07/2017 01:38:57] /m bear
[21/07/2017 01:53:54] /goto lord pico
[21/07/2017 01:54:13] /goto Itadakimasu
[21/07/2017 12:39:16] /goto mago merlot
[21/07/2017 12:41:29] /a 1
[21/07/2017 12:46:51] /bc en Cerrare el server por un minuto
[21/07/2017 12:47:03] /bc en tienes 5 min para llegar a resguardo
[21/07/2017 12:48:42] /bc en me da paja esperar 5 min si lo cierro creoq ue no les pasa nada
[21/07/2017 12:51:14] /a 5
[21/07/2017 12:51:23] /a 10
[21/07/2017 12:51:26] /a 3
[21/07/2017 13:17:38] /goto Mago Merlot
[21/07/2017 13:17:58] /ghost
[21/07/2017 13:19:19] /t Mago Merlot
[21/07/2017 13:19:28] /t Lols
[21/07/2017 13:19:36] /i health potions
[21/07/2017 13:19:49] /i health potion
[21/07/2017 13:20:35] /i eriador renegades recruit
[21/07/2017 13:20:53] /i eriador renegades recruit
[21/07/2017 13:21:35] /m Eriador Renegades Recruit
[21/07/2017 13:22:15] /m Eriador Renegades Warrior
[21/07/2017 13:23:55] /m Eriador Renegades Militia
[21/07/2017 13:25:08] /m Eriador Renegades Sergeant
[21/07/2017 13:26:40] /m Eriador Renegades Commander
[21/07/2017 13:27:58] /m Skeleton Warrior
[21/07/2017 13:28:27] /m Ghost
[21/07/2017 13:30:25] /ghost
[21/07/2017 13:49:35] /bc en 4 players online
[21/07/2017 13:52:52] /goto El Profe
[21/07/2017 13:53:00] /goto Mago merlot
[21/07/2017 13:56:55] /info Mago merlot
[21/07/2017 13:58:27] /goto mago merlot
[21/07/2017 14:16:32] /info El Profe
[21/07/2017 14:19:46] /bc en 5 players online
[21/07/2017 14:20:15] /info el profe
[21/07/2017 14:22:59] /goto mago merlot
[21/07/2017 14:25:54] /goto mago merlot
[21/07/2017 15:25:43] /goto mago merlot
[21/07/2017 15:27:44] /t el profe
[21/07/2017 15:27:49] /t mago merlot
[21/07/2017 15:27:55] /t Lols
[21/07/2017 15:58:33] /goto John salchichon
[21/07/2017 15:58:40] /a 2
[21/07/2017 15:58:44] /a 3
[21/07/2017 16:04:42] /bc en 4 players online
[21/07/2017 17:49:41] /goto el profe
[21/07/2017 17:49:49] /a 6
[21/07/2017 17:50:06] /goto Nymeria
[21/07/2017 17:54:00] /ghost
[21/07/2017 17:54:48] /ghost
[21/07/2017 18:50:28] /i enforced knight helmet
[21/07/2017 18:50:53] /i enforced knight armor
[21/07/2017 18:51:15] /i dwarven armor
[21/07/2017 18:51:25] /i enforced paladin armor
[21/07/2017 18:51:49] /i enforced knight legs
[21/07/2017 18:53:43] /i iron armor
[21/07/2017 18:56:26] /i iron legs
[21/07/2017 18:56:52] /i elven armor
[21/07/2017 18:58:27] /i enforced paladin helmet
[21/07/2017 18:59:02] /i native armor
[21/07/2017 18:59:45] /i dark armor
[21/07/2017 19:00:41] /i dark helmet
[21/07/2017 19:01:20] /i dark shield
[21/07/2017 19:01:45] /i dark shield
[21/07/2017 19:01:53] /i black shield
[21/07/2017 19:05:16] /i viking shield
[21/07/2017 19:05:22] /i ancient shield
[21/07/2017 19:05:52] /i griffin shield
[21/07/2017 19:06:43] /i castle shield
[21/07/2017 19:07:01] /i enforced mage shield
[21/07/2017 19:09:02] /i eagle shield
[21/07/2017 19:10:32] /i tower shield
[21/07/2017 19:11:13] /i spike shield
[21/07/2017 19:12:50] /i enforced paladin legs
[21/07/2017 19:13:45] /i epee
[21/07/2017 19:15:10] /i damage helmet
[21/07/2017 19:15:33] /i damaged helmet
[21/07/2017 19:19:01] /i strange helmet
[21/07/2017 19:19:57] /i horseman helmet
[21/07/2017 19:20:37] /i damaged steel helmet
[21/07/2017 19:24:54] /i shield
[21/07/2017 19:26:01] /i enforced knight shield
[21/07/2017 19:27:32] /i enforced paladin shield
[21/07/2017 19:28:16] /i fur cap
[21/07/2017 19:28:23] /i norse shield
[21/07/2017 19:29:46] /i royal draken mail
[21/07/2017 19:29:57] /i elite draken mail
[21/07/2017 19:30:51] /i shield of corruption
[21/07/2017 19:32:35] /i tusk shield
[21/07/2017 19:33:02] /i sentnel shield
[21/07/2017 19:33:10] /i sentinel shield
[21/07/2017 19:38:38] /i salamander shield
[21/07/2017 19:40:07] /i enforced mage legs
[21/07/2017 19:41:01] /i ranger legs
[21/07/2017 19:43:06] /i enforced paladin boots
[21/07/2017 19:45:24] /i boots
[21/07/2017 19:45:37] /i leather boots
[21/07/2017 20:19:44] /bc un un pequeo reinicio para cargar una nueva zona y mostruos
[21/07/2017 20:19:59] /bc en 2 min mas cierro y abro
[21/07/2017 20:22:48] /a 300
[21/07/2017 20:22:56] /a 100
[21/07/2017 20:23:00] /a 100
[21/07/2017 20:23:03] /up
[21/07/2017 20:23:05] /up
[21/07/2017 20:24:43] /up
[21/07/2017 20:24:49] /up
[21/07/2017 20:25:07] /s bear
[21/07/2017 20:30:21] /down
[21/07/2017 21:08:02] /goto el profe
[21/07/2017 21:12:34] /t el profe
[21/07/2017 21:24:06] /goto el profe
[21/07/2017 21:24:13] /t el profe
[21/07/2017 21:24:20] /goto el profe
[21/07/2017 21:24:51] /i bronze armor
[21/07/2017 21:27:13] /bc en cierro y abro
